Configurations:
	root: ../data/
	graph: 2
	bs: 256
	lr: 0.01
	prior: 0.01
	emb_dim: 16
	lmbda: 0.5
	base_model: DistMult
	num_ng: 4
	wd: 0
	do: 0.2
	loss_type: pn
	scoring_fct_norm: 1
	kernel_size: 3
	convkb_drop_prob: 0.5
	out_channels: 32
	margin: 6.0
	epsilon: 2.0
	num_workers: 0
	max_epochs: 5000
	seed: 42
	gpu: 0
	valid_interval: 5
	verbose: 0
	tolerance: 20
N Entities:1638
N Relations:12
AUC:0.6033	AUPR:0.305	Fmax:0.4646	Epoch:5
AUC:0.6158	AUPR:0.3482	Fmax:0.4898	Epoch:35
AUC:0.5979	AUPR:0.3319	Fmax:0.4935	Epoch:10
AUC:0.5252	AUPR:0.2684	Fmax:0.3721	Epoch:45
AUC:0.5809	AUPR:0.2917	Fmax:0.396	Epoch:0
AVG# AUC:0.5846	AUPR:0.309	Fmax:0.4432
Configurations:
	root: ../data/
	graph: 2
	bs: 128
	lr: 0.01
	prior: 0.01
	emb_dim: 16
	lmbda: 0.5
	base_model: DistMult
	num_ng: 4
	wd: 0
	do: 0.2
	loss_type: pn
	scoring_fct_norm: 1
	kernel_size: 3
	convkb_drop_prob: 0.5
	out_channels: 32
	margin: 6.0
	epsilon: 2.0
	num_workers: 0
	max_epochs: 5000
	seed: 42
	gpu: 0
	valid_interval: 5
	verbose: 0
	tolerance: 20
N Entities:1638
N Relations:12
AUC:0.6988	AUPR:0.4214	Fmax:0.5128	Epoch:5
AUC:0.5037	AUPR:0.2707	Fmax:0.4478	Epoch:0
AUC:0.6388	AUPR:0.3676	Fmax:0.5227	Epoch:10
AUC:0.5021	AUPR:0.2298	Fmax:0.3759	Epoch:35
AUC:0.4695	AUPR:0.2182	Fmax:0.374	Epoch:10
AVG# AUC:0.5626	AUPR:0.3015	Fmax:0.4466
Configurations:
	root: ../data/
	graph: 2
	bs: 64
	lr: 0.01
	prior: 0.01
	emb_dim: 16
	lmbda: 0.5
	base_model: DistMult
	num_ng: 4
	wd: 0
	do: 0.2
	loss_type: pn
	scoring_fct_norm: 1
	kernel_size: 3
	convkb_drop_prob: 0.5
	out_channels: 32
	margin: 6.0
	epsilon: 2.0
	num_workers: 0
	max_epochs: 5000
	seed: 42
	gpu: 0
	valid_interval: 5
	verbose: 0
	tolerance: 20
N Entities:1638
N Relations:12
AUC:0.631	AUPR:0.3332	Fmax:0.4638	Epoch:5
AUC:0.5788	AUPR:0.3476	Fmax:0.4696	Epoch:0
AUC:0.6204	AUPR:0.3605	Fmax:0.5047	Epoch:5
AUC:0.5487	AUPR:0.3015	Fmax:0.4	Epoch:0
AUC:0.5654	AUPR:0.2904	Fmax:0.4	Epoch:0
AVG# AUC:0.5889	AUPR:0.3266	Fmax:0.4476
Configurations:
	root: ../data/
	graph: 2
	bs: 256
	lr: 0.01
	prior: 0.01
	emb_dim: 16
	lmbda: 1.0
	base_model: DistMult
	num_ng: 4
	wd: 0
	do: 0.2
	loss_type: pn
	scoring_fct_norm: 1
	kernel_size: 3
	convkb_drop_prob: 0.5
	out_channels: 32
	margin: 6.0
	epsilon: 2.0
	num_workers: 0
	max_epochs: 5000
	seed: 42
	gpu: 0
	valid_interval: 5
	verbose: 0
	tolerance: 20
N Entities:1638
N Relations:12
AUC:0.6992	AUPR:0.4312	Fmax:0.5143	Epoch:5
AUC:0.6192	AUPR:0.3615	Fmax:0.48	Epoch:0
AUC:0.6225	AUPR:0.3815	Fmax:0.5	Epoch:10
AUC:0.4885	AUPR:0.2313	Fmax:0.374	Epoch:10
AUC:0.5547	AUPR:0.2535	Fmax:0.4037	Epoch:10
AVG# AUC:0.5968	AUPR:0.3318	Fmax:0.4544
Configurations:
	root: ../data/
	graph: 2
	bs: 128
	lr: 0.01
	prior: 0.01
	emb_dim: 16
	lmbda: 1.0
	base_model: DistMult
	num_ng: 4
	wd: 0
	do: 0.2
	loss_type: pn
	scoring_fct_norm: 1
	kernel_size: 3
	convkb_drop_prob: 0.5
	out_channels: 32
	margin: 6.0
	epsilon: 2.0
	num_workers: 0
	max_epochs: 5000
	seed: 42
	gpu: 0
	valid_interval: 5
	verbose: 0
	tolerance: 20
N Entities:1638
N Relations:12
AUC:0.6769	AUPR:0.3846	Fmax:0.4783	Epoch:5
AUC:0.5875	AUPR:0.3436	Fmax:0.4583	Epoch:85
AUC:0.6196	AUPR:0.3559	Fmax:0.48	Epoch:10
AUC:0.5191	AUPR:0.2326	Fmax:0.3947	Epoch:0
AUC:0.5417	AUPR:0.2591	Fmax:0.3871	Epoch:15
AVG# AUC:0.589	AUPR:0.3152	Fmax:0.4397
Configurations:
	root: ../data/
	graph: 2
	bs: 256
	lr: 0.01
	prior: 0.01
	emb_dim: 16
	lmbda: 2.0
	base_model: DistMult
	num_ng: 4
	wd: 0
	do: 0.2
	loss_type: pn
	scoring_fct_norm: 1
	kernel_size: 3
	convkb_drop_prob: 0.5
	out_channels: 32
	margin: 6.0
	epsilon: 2.0
	num_workers: 0
	max_epochs: 5000
	seed: 42
	gpu: 0
	valid_interval: 5
	verbose: 0
	tolerance: 20
N Entities:1638
N Relations:12
AUC:0.7095	AUPR:0.4516	Fmax:0.5085	Epoch:5
AUC:0.4962	AUPR:0.2987	Fmax:0.438	Epoch:95
AUC:0.6279	AUPR:0.3847	Fmax:0.4828	Epoch:10
AUC:0.4984	AUPR:0.2508	Fmax:0.3846	Epoch:0
AUC:0.6177	AUPR:0.2853	Fmax:0.4318	Epoch:0
AVG# AUC:0.5899	AUPR:0.3342	Fmax:0.4491
Configurations:
	root: ../data/
	graph: 2
	bs: 64
	lr: 0.01
	prior: 0.01
	emb_dim: 16
	lmbda: 1.0
	base_model: DistMult
	num_ng: 4
	wd: 0
	do: 0.2
	loss_type: pn
	scoring_fct_norm: 1
	kernel_size: 3
	convkb_drop_prob: 0.5
	out_channels: 32
	margin: 6.0
	epsilon: 2.0
	num_workers: 0
	max_epochs: 5000
	seed: 42
	gpu: 0
	valid_interval: 5
	verbose: 0
	tolerance: 20
N Entities:1638
N Relations:12
AUC:0.6769	AUPR:0.3666	Fmax:0.5217	Epoch:5
AUC:0.5596	AUPR:0.303	Fmax:0.4536	Epoch:435
AUC:0.5504	AUPR:0.3361	Fmax:0.4496	Epoch:5
AUC:0.4984	AUPR:0.2781	Fmax:0.3817	Epoch:5
AUC:0.5766	AUPR:0.2691	Fmax:0.42	Epoch:0
AVG# AUC:0.5724	AUPR:0.3106	Fmax:0.4453
Configurations:
	root: ../data/
	graph: 2
	bs: 128
	lr: 0.01
	prior: 0.01
	emb_dim: 16
	lmbda: 2.0
	base_model: DistMult
	num_ng: 4
	wd: 0
	do: 0.2
	loss_type: pn
	scoring_fct_norm: 1
	kernel_size: 3
	convkb_drop_prob: 0.5
	out_channels: 32
	margin: 6.0
	epsilon: 2.0
	num_workers: 0
	max_epochs: 5000
	seed: 42
	gpu: 0
	valid_interval: 5
	verbose: 0
	tolerance: 20
N Entities:1638
N Relations:12
AUC:0.6461	AUPR:0.3498	Fmax:0.5053	Epoch:0
AUC:0.5325	AUPR:0.2941	Fmax:0.4478	Epoch:60
AUC:0.6021	AUPR:0.3807	Fmax:0.4522	Epoch:0
AUC:0.5224	AUPR:0.2769	Fmax:0.375	Epoch:35
AUC:0.4801	AUPR:0.2054	Fmax:0.3793	Epoch:20
AVG# AUC:0.5566	AUPR:0.3014	Fmax:0.4319
Configurations:
	root: ../data/
	graph: 2
	bs: 256
	lr: 0.01
	prior: 0.01
	emb_dim: 32
	lmbda: 0.5
	base_model: DistMult
	num_ng: 4
	wd: 0
	do: 0.2
	loss_type: pn
	scoring_fct_norm: 1
	kernel_size: 3
	convkb_drop_prob: 0.5
	out_channels: 32
	margin: 6.0
	epsilon: 2.0
	num_workers: 0
	max_epochs: 5000
	seed: 42
	gpu: 0
	valid_interval: 5
	verbose: 0
	tolerance: 20
N Entities:1638
N Relations:12
AUC:0.6033	AUPR:0.311	Fmax:0.4522	Epoch:5
AUC:0.6038	AUPR:0.3875	Fmax:0.5	Epoch:5
AUC:0.5762	AUPR:0.3337	Fmax:0.466	Epoch:40
AUC:0.4809	AUPR:0.2342	Fmax:0.3704	Epoch:0
AUC:0.6119	AUPR:0.3136	Fmax:0.425	Epoch:5
AVG# AUC:0.5752	AUPR:0.316	Fmax:0.4427
Configurations:
	root: ../data/
	graph: 2
	bs: 128
	lr: 0.01
	prior: 0.01
	emb_dim: 32
	lmbda: 0.5
	base_model: DistMult
	num_ng: 4
	wd: 0
	do: 0.2
	loss_type: pn
	scoring_fct_norm: 1
	kernel_size: 3
	convkb_drop_prob: 0.5
	out_channels: 32
	margin: 6.0
	epsilon: 2.0
	num_workers: 0
	max_epochs: 5000
	seed: 42
	gpu: 0
	valid_interval: 5
	verbose: 0
	tolerance: 20
N Entities:1638
N Relations:12
AUC:0.6363	AUPR:0.3469	Fmax:0.4571	Epoch:5
AUC:0.5204	AUPR:0.291	Fmax:0.438	Epoch:10
AUC:0.6096	AUPR:0.4518	Fmax:0.466	Epoch:0
AUC:0.4659	AUPR:0.22	Fmax:0.3759	Epoch:0
AUC:0.5194	AUPR:0.2596	Fmax:0.3692	Epoch:5
AVG# AUC:0.5503	AUPR:0.3139	Fmax:0.4212
Configurations:
	root: ../data/
	graph: 2
	bs: 64
	lr: 0.01
	prior: 0.01
	emb_dim: 16
	lmbda: 2.0
	base_model: DistMult
	num_ng: 4
	wd: 0
	do: 0.2
	loss_type: pn
	scoring_fct_norm: 1
	kernel_size: 3
	convkb_drop_prob: 0.5
	out_channels: 32
	margin: 6.0
	epsilon: 2.0
	num_workers: 0
	max_epochs: 5000
	seed: 42
	gpu: 0
	valid_interval: 5
	verbose: 0
	tolerance: 20
N Entities:1638
N Relations:12
AUC:0.6341	AUPR:0.3136	Fmax:0.4835	Epoch:5
AUC:0.5004	AUPR:0.2803	Fmax:0.4348	Epoch:0
AUC:0.5662	AUPR:0.3709	Fmax:0.4538	Epoch:5
AUC:0.6174	AUPR:0.3378	Fmax:0.4267	Epoch:0
AUC:0.5194	AUPR:0.2374	Fmax:0.3939	Epoch:100
AVG# AUC:0.5675	AUPR:0.308	Fmax:0.4385
Configurations:
	root: ../data/
	graph: 2
	bs: 256
	lr: 0.01
	prior: 0.01
	emb_dim: 32
	lmbda: 1.0
	base_model: DistMult
	num_ng: 4
	wd: 0
	do: 0.2
	loss_type: pn
	scoring_fct_norm: 1
	kernel_size: 3
	convkb_drop_prob: 0.5
	out_channels: 32
	margin: 6.0
	epsilon: 2.0
	num_workers: 0
	max_epochs: 5000
	seed: 42
	gpu: 0
	valid_interval: 5
	verbose: 0
	tolerance: 20
N Entities:1638
N Relations:12
AUC:0.5935	AUPR:0.384	Fmax:0.4255	Epoch:5
AUC:0.5129	AUPR:0.2821	Fmax:0.438	Epoch:5
AUC:0.5654	AUPR:0.3241	Fmax:0.458	Epoch:40
AUC:0.4715	AUPR:0.2209	Fmax:0.3817	Epoch:5
AUC:0.484	AUPR:0.2666	Fmax:0.377	Epoch:10
AVG# AUC:0.5255	AUPR:0.2955	Fmax:0.416
Configurations:
	root: ../data/
	graph: 2
	bs: 64
	lr: 0.01
	prior: 0.01
	emb_dim: 32
	lmbda: 0.5
	base_model: DistMult
	num_ng: 4
	wd: 0
	do: 0.2
	loss_type: pn
	scoring_fct_norm: 1
	kernel_size: 3
	convkb_drop_prob: 0.5
	out_channels: 32
	margin: 6.0
	epsilon: 2.0
	num_workers: 0
	max_epochs: 5000
	seed: 42
	gpu: 0
	valid_interval: 5
	verbose: 0
	tolerance: 20
N Entities:1638
N Relations:12
AUC:0.6551	AUPR:0.3826	Fmax:0.48	Epoch:5
AUC:0.5179	AUPR:0.3497	Fmax:0.4409	Epoch:5
AUC:0.6162	AUPR:0.3281	Fmax:0.5043	Epoch:5
AUC:0.5699	AUPR:0.3367	Fmax:0.4	Epoch:0
AUC:0.501	AUPR:0.2453	Fmax:0.3636	Epoch:0
AVG# AUC:0.572	AUPR:0.3285	Fmax:0.4378
Configurations:
	root: ../data/
	graph: 2
	bs: 256
	lr: 0.01
	prior: 0.01
	emb_dim: 32
	lmbda: 2.0
	base_model: DistMult
	num_ng: 4
	wd: 0
	do: 0.2
	loss_type: pn
	scoring_fct_norm: 1
	kernel_size: 3
	convkb_drop_prob: 0.5
	out_channels: 32
	margin: 6.0
	epsilon: 2.0
	num_workers: 0
	max_epochs: 5000
	seed: 42
	gpu: 0
	valid_interval: 5
	verbose: 0
	tolerance: 20
N Entities:1638
N Relations:12
AUC:0.6685	AUPR:0.3609	Fmax:0.4792	Epoch:5
AUC:0.5204	AUPR:0.2981	Fmax:0.4444	Epoch:5
AUC:0.565	AUPR:0.2962	Fmax:0.4828	Epoch:30
AUC:0.4941	AUPR:0.2387	Fmax:0.3817	Epoch:35
AUC:0.579	AUPR:0.2938	Fmax:0.3883	Epoch:0
AVG# AUC:0.5654	AUPR:0.2975	Fmax:0.4353
Configurations:
	root: ../data/
	graph: 2
	bs: 128
	lr: 0.01
	prior: 0.01
	emb_dim: 32
	lmbda: 1.0
	base_model: DistMult
	num_ng: 4
	wd: 0
	do: 0.2
	loss_type: pn
	scoring_fct_norm: 1
	kernel_size: 3
	convkb_drop_prob: 0.5
	out_channels: 32
	margin: 6.0
	epsilon: 2.0
	num_workers: 0
	max_epochs: 5000
	seed: 42
	gpu: 0
	valid_interval: 5
	verbose: 0
	tolerance: 20
N Entities:1638
N Relations:12
AUC:0.6341	AUPR:0.3796	Fmax:0.4792	Epoch:10
AUC:0.5358	AUPR:0.3748	Fmax:0.4394	Epoch:245
AUC:0.5738	AUPR:0.3391	Fmax:0.4615	Epoch:15
AUC:0.4819	AUPR:0.2495	Fmax:0.3759	Epoch:65
AUC:0.5518	AUPR:0.2837	Fmax:0.396	Epoch:5
AVG# AUC:0.5555	AUPR:0.3253	Fmax:0.4304
Configurations:
	root: ../data/
	graph: 2
	bs: 64
	lr: 0.01
	prior: 0.01
	emb_dim: 32
	lmbda: 1.0
	base_model: DistMult
	num_ng: 4
	wd: 0
	do: 0.2
	loss_type: pn
	scoring_fct_norm: 1
	kernel_size: 3
	convkb_drop_prob: 0.5
	out_channels: 32
	margin: 6.0
	epsilon: 2.0
	num_workers: 0
	max_epochs: 5000
	seed: 42
	gpu: 0
	valid_interval: 5
	verbose: 0
	tolerance: 20
N Entities:1638
N Relations:12
AUC:0.6252	AUPR:0.3519	Fmax:0.4681	Epoch:5
AUC:0.5063	AUPR:0.2678	Fmax:0.459	Epoch:0
AUC:0.5858	AUPR:0.3491	Fmax:0.4536	Epoch:10
AUC:0.52	AUPR:0.2351	Fmax:0.4043	Epoch:15
AUC:0.5334	AUPR:0.2413	Fmax:0.3964	Epoch:5
AVG# AUC:0.5541	AUPR:0.289	Fmax:0.4363
Configurations:
	root: ../data/
	graph: 2
	bs: 128
	lr: 0.01
	prior: 0.01
	emb_dim: 32
	lmbda: 2.0
	base_model: DistMult
	num_ng: 4
	wd: 0
	do: 0.2
	loss_type: pn
	scoring_fct_norm: 1
	kernel_size: 3
	convkb_drop_prob: 0.5
	out_channels: 32
	margin: 6.0
	epsilon: 2.0
	num_workers: 0
	max_epochs: 5000
	seed: 42
	gpu: 0
	valid_interval: 5
	verbose: 0
	tolerance: 20
N Entities:1638
N Relations:12
AUC:0.61	AUPR:0.372	Fmax:0.4576	Epoch:5
AUC:0.5258	AUPR:0.3073	Fmax:0.4478	Epoch:5
AUC:0.5696	AUPR:0.3055	Fmax:0.486	Epoch:10
AUC:0.5191	AUPR:0.257	Fmax:0.3894	Epoch:25
AUC:0.5291	AUPR:0.3631	Fmax:0.3689	Epoch:0
AVG# AUC:0.5507	AUPR:0.321	Fmax:0.4299
Configurations:
	root: ../data/
	graph: 2
	bs: 256
	lr: 0.01
	prior: 0.01
	emb_dim: 64
	lmbda: 0.5
	base_model: DistMult
	num_ng: 4
	wd: 0
	do: 0.2
	loss_type: pn
	scoring_fct_norm: 1
	kernel_size: 3
	convkb_drop_prob: 0.5
	out_channels: 32
	margin: 6.0
	epsilon: 2.0
	num_workers: 0
	max_epochs: 5000
	seed: 42
	gpu: 0
	valid_interval: 5
	verbose: 0
	tolerance: 20
N Entities:1638
N Relations:12
AUC:0.6149	AUPR:0.4031	Fmax:0.4425	Epoch:0
AUC:0.5279	AUPR:0.3421	Fmax:0.4427	Epoch:15
AUC:0.5496	AUPR:0.3144	Fmax:0.4511	Epoch:5
AUC:0.4466	AUPR:0.2199	Fmax:0.3788	Epoch:210
AUC:0.5649	AUPR:0.2827	Fmax:0.3889	Epoch:15
AVG# AUC:0.5408	AUPR:0.3124	Fmax:0.4208
Configurations:
	root: ../data/
	graph: 2
	bs: 64
	lr: 0.01
	prior: 0.01
	emb_dim: 32
	lmbda: 2.0
	base_model: DistMult
	num_ng: 4
	wd: 0
	do: 0.2
	loss_type: pn
	scoring_fct_norm: 1
	kernel_size: 3
	convkb_drop_prob: 0.5
	out_channels: 32
	margin: 6.0
	epsilon: 2.0
	num_workers: 0
	max_epochs: 5000
	seed: 42
	gpu: 0
	valid_interval: 5
	verbose: 0
	tolerance: 20
N Entities:1638
N Relations:12
AUC:0.6515	AUPR:0.4387	Fmax:0.4595	Epoch:0
AUC:0.5504	AUPR:0.3203	Fmax:0.4583	Epoch:0
AUC:0.5967	AUPR:0.4072	Fmax:0.4792	Epoch:5
AUC:0.4249	AUPR:0.2209	Fmax:0.3876	Epoch:20
AUC:0.593	AUPR:0.2655	Fmax:0.4421	Epoch:0
AVG# AUC:0.5633	AUPR:0.3305	Fmax:0.4453
Configurations:
	root: ../data/
	graph: 2
	bs: 128
	lr: 0.01
	prior: 0.01
	emb_dim: 64
	lmbda: 0.5
	base_model: DistMult
	num_ng: 4
	wd: 0
	do: 0.2
	loss_type: pn
	scoring_fct_norm: 1
	kernel_size: 3
	convkb_drop_prob: 0.5
	out_channels: 32
	margin: 6.0
	epsilon: 2.0
	num_workers: 0
	max_epochs: 5000
	seed: 42
	gpu: 0
	valid_interval: 5
	verbose: 0
	tolerance: 20
N Entities:1638
N Relations:12
AUC:0.6238	AUPR:0.3636	Fmax:0.4771	Epoch:10
AUC:0.4658	AUPR:0.2821	Fmax:0.4348	Epoch:15
AUC:0.6933	AUPR:0.3933	Fmax:0.5652	Epoch:5
AUC:0.4715	AUPR:0.2773	Fmax:0.3704	Epoch:0
AUC:0.5092	AUPR:0.224	Fmax:0.3964	Epoch:0
AVG# AUC:0.5527	AUPR:0.3081	Fmax:0.4488
Configurations:
	root: ../data/
	graph: 2
	bs: 256
	lr: 0.01
	prior: 0.01
	emb_dim: 64
	lmbda: 1.0
	base_model: DistMult
	num_ng: 4
	wd: 0
	do: 0.2
	loss_type: pn
	scoring_fct_norm: 1
	kernel_size: 3
	convkb_drop_prob: 0.5
	out_channels: 32
	margin: 6.0
	epsilon: 2.0
	num_workers: 0
	max_epochs: 5000
	seed: 42
	gpu: 0
	valid_interval: 5
	verbose: 0
	tolerance: 20
N Entities:1638
N Relations:12
AUC:0.6528	AUPR:0.3334	Fmax:0.5063	Epoch:10
AUC:0.5275	AUPR:0.2863	Fmax:0.4603	Epoch:5
AUC:0.5638	AUPR:0.3317	Fmax:0.4386	Epoch:5
AUC:0.5294	AUPR:0.2617	Fmax:0.384	Epoch:0
AUC:0.516	AUPR:0.3455	Fmax:0.359	Epoch:5
AVG# AUC:0.5579	AUPR:0.3117	Fmax:0.4296
Configurations:
	root: ../data/
	graph: 2
	bs: 128
	lr: 0.01
	prior: 0.01
	emb_dim: 64
	lmbda: 1.0
	base_model: DistMult
	num_ng: 4
	wd: 0
	do: 0.2
	loss_type: pn
	scoring_fct_norm: 1
	kernel_size: 3
	convkb_drop_prob: 0.5
	out_channels: 32
	margin: 6.0
	epsilon: 2.0
	num_workers: 0
	max_epochs: 5000
	seed: 42
	gpu: 0
	valid_interval: 5
	verbose: 0
	tolerance: 20
N Entities:1638
N Relations:12
AUC:0.6225	AUPR:0.3234	Fmax:0.4762	Epoch:30
AUC:0.5021	AUPR:0.3262	Fmax:0.4317	Epoch:0
AUC:0.6229	AUPR:0.3494	Fmax:0.5051	Epoch:5
AUC:0.4856	AUPR:0.2575	Fmax:0.3731	Epoch:10
AUC:0.4913	AUPR:0.219	Fmax:0.3761	Epoch:5
AVG# AUC:0.5449	AUPR:0.2951	Fmax:0.4324
Configurations:
	root: ../data/
	graph: 2
	bs: 256
	lr: 0.01
	prior: 0.01
	emb_dim: 64
	lmbda: 2.0
	base_model: DistMult
	num_ng: 4
	wd: 0
	do: 0.2
	loss_type: pn
	scoring_fct_norm: 1
	kernel_size: 3
	convkb_drop_prob: 0.5
	out_channels: 32
	margin: 6.0
	epsilon: 2.0
	num_workers: 0
	max_epochs: 5000
	seed: 42
	gpu: 0
	valid_interval: 5
	verbose: 0
	tolerance: 20
N Entities:1638
N Relations:12
AUC:0.6234	AUPR:0.3135	Fmax:0.4717	Epoch:10
AUC:0.5129	AUPR:0.385	Fmax:0.4412	Epoch:45
AUC:0.63	AUPR:0.4384	Fmax:0.4828	Epoch:5
AUC:0.6024	AUPR:0.3901	Fmax:0.4242	Epoch:0
AUC:0.5194	AUPR:0.285	Fmax:0.375	Epoch:5
AVG# AUC:0.5776	AUPR:0.3624	Fmax:0.439
Configurations:
	root: ../data/
	graph: 2
	bs: 64
	lr: 0.01
	prior: 0.01
	emb_dim: 64
	lmbda: 0.5
	base_model: DistMult
	num_ng: 4
	wd: 0
	do: 0.2
	loss_type: pn
	scoring_fct_norm: 1
	kernel_size: 3
	convkb_drop_prob: 0.5
	out_channels: 32
	margin: 6.0
	epsilon: 2.0
	num_workers: 0
	max_epochs: 5000
	seed: 42
	gpu: 0
	valid_interval: 5
	verbose: 0
	tolerance: 20
N Entities:1638
N Relations:12
AUC:0.6301	AUPR:0.3173	Fmax:0.5	Epoch:0
AUC:0.5367	AUPR:0.2902	Fmax:0.4409	Epoch:95
AUC:0.6371	AUPR:0.4505	Fmax:0.4842	Epoch:0
AUC:0.5741	AUPR:0.2727	Fmax:0.419	Epoch:0
AUC:0.4734	AUPR:0.2147	Fmax:0.3866	Epoch:5
AVG# AUC:0.5703	AUPR:0.3091	Fmax:0.4461
Configurations:
	root: ../data/
	graph: 2
	bs: 128
	lr: 0.01
	prior: 0.01
	emb_dim: 64
	lmbda: 2.0
	base_model: DistMult
	num_ng: 4
	wd: 0
	do: 0.2
	loss_type: pn
	scoring_fct_norm: 1
	kernel_size: 3
	convkb_drop_prob: 0.5
	out_channels: 32
	margin: 6.0
	epsilon: 2.0
	num_workers: 0
	max_epochs: 5000
	seed: 42
	gpu: 0
	valid_interval: 5
	verbose: 0
	tolerance: 20
N Entities:1638
N Relations:12
AUC:0.5221	AUPR:0.2535	Fmax:0.4182	Epoch:10
AUC:0.5017	AUPR:0.3488	Fmax:0.438	Epoch:5
AUC:0.5525	AUPR:0.3379	Fmax:0.4854	Epoch:15
AUC:0.4729	AUPR:0.2965	Fmax:0.3731	Epoch:0
AUC:0.5601	AUPR:0.2461	Fmax:0.4419	Epoch:5
AVG# AUC:0.5219	AUPR:0.2966	Fmax:0.4313
Configurations:
	root: ../data/
	graph: 2
	bs: 256
	lr: 0.005
	prior: 0.01
	emb_dim: 16
	lmbda: 0.5
	base_model: DistMult
	num_ng: 4
	wd: 0
	do: 0.2
	loss_type: pn
	scoring_fct_norm: 1
	kernel_size: 3
	convkb_drop_prob: 0.5
	out_channels: 32
	margin: 6.0
	epsilon: 2.0
	num_workers: 0
	max_epochs: 5000
	seed: 42
	gpu: 0
	valid_interval: 5
	verbose: 0
	tolerance: 20
N Entities:1638
N Relations:12
AUC:0.6627	AUPR:0.4164	Fmax:0.475	Epoch:25
AUC:0.5333	AUPR:0.3148	Fmax:0.4673	Epoch:30
AUC:0.5992	AUPR:0.3506	Fmax:0.4952	Epoch:20
AUC:0.5252	AUPR:0.3178	Fmax:0.3922	Epoch:25
AUC:0.5732	AUPR:0.3012	Fmax:0.4048	Epoch:5
AVG# AUC:0.5787	AUPR:0.3402	Fmax:0.4469
Configurations:
	root: ../data/
	graph: 2
	bs: 64
	lr: 0.01
	prior: 0.01
	emb_dim: 64
	lmbda: 1.0
	base_model: DistMult
	num_ng: 4
	wd: 0
	do: 0.2
	loss_type: pn
	scoring_fct_norm: 1
	kernel_size: 3
	convkb_drop_prob: 0.5
	out_channels: 32
	margin: 6.0
	epsilon: 2.0
	num_workers: 0
	max_epochs: 5000
	seed: 42
	gpu: 0
	valid_interval: 5
	verbose: 0
	tolerance: 20
N Entities:1638
N Relations:12
AUC:0.5979	AUPR:0.3027	Fmax:0.451	Epoch:5
AUC:0.5346	AUPR:0.3397	Fmax:0.4567	Epoch:200
AUC:0.5975	AUPR:0.3814	Fmax:0.4667	Epoch:0
AUC:0.4979	AUPR:0.2407	Fmax:0.3937	Epoch:45
AUC:0.5194	AUPR:0.264	Fmax:0.367	Epoch:20
AVG# AUC:0.5495	AUPR:0.3057	Fmax:0.427
Configurations:
	root: ../data/
	graph: 2
	bs: 256
	lr: 0.005
	prior: 0.01
	emb_dim: 16
	lmbda: 1.0
	base_model: DistMult
	num_ng: 4
	wd: 0
	do: 0.2
	loss_type: pn
	scoring_fct_norm: 1
	kernel_size: 3
	convkb_drop_prob: 0.5
	out_channels: 32
	margin: 6.0
	epsilon: 2.0
	num_workers: 0
	max_epochs: 5000
	seed: 42
	gpu: 0
	valid_interval: 5
	verbose: 0
	tolerance: 20
N Entities:1638
N Relations:12
AUC:0.6377	AUPR:0.3789	Fmax:0.459	Epoch:25
AUC:0.5375	AUPR:0.2876	Fmax:0.458	Epoch:0
AUC:0.6221	AUPR:0.3609	Fmax:0.5	Epoch:20
AUC:0.5082	AUPR:0.2563	Fmax:0.3817	Epoch:80
AUC:0.5019	AUPR:0.2185	Fmax:0.3659	Epoch:0
AVG# AUC:0.5615	AUPR:0.3004	Fmax:0.4329
Configurations:
	root: ../data/
	graph: 2
	bs: 128
	lr: 0.005
	prior: 0.01
	emb_dim: 16
	lmbda: 0.5
	base_model: DistMult
	num_ng: 4
	wd: 0
	do: 0.2
	loss_type: pn
	scoring_fct_norm: 1
	kernel_size: 3
	convkb_drop_prob: 0.5
	out_channels: 32
	margin: 6.0
	epsilon: 2.0
	num_workers: 0
	max_epochs: 5000
	seed: 42
	gpu: 0
	valid_interval: 5
	verbose: 0
	tolerance: 20
N Entities:1638
N Relations:12
AUC:0.6354	AUPR:0.323	Fmax:0.4602	Epoch:5
AUC:0.5608	AUPR:0.3002	Fmax:0.4819	Epoch:0
AUC:0.5746	AUPR:0.3155	Fmax:0.4865	Epoch:20
AUC:0.5049	AUPR:0.2777	Fmax:0.3817	Epoch:170
AUC:0.4859	AUPR:0.262	Fmax:0.3622	Epoch:10
AVG# AUC:0.5523	AUPR:0.2957	Fmax:0.4345
Configurations:
	root: ../data/
	graph: 2
	bs: 64
	lr: 0.01
	prior: 0.01
	emb_dim: 64
	lmbda: 2.0
	base_model: DistMult
	num_ng: 4
	wd: 0
	do: 0.2
	loss_type: pn
	scoring_fct_norm: 1
	kernel_size: 3
	convkb_drop_prob: 0.5
	out_channels: 32
	margin: 6.0
	epsilon: 2.0
	num_workers: 0
	max_epochs: 5000
	seed: 42
	gpu: 0
	valid_interval: 5
	verbose: 0
	tolerance: 20
N Entities:1638
N Relations:12
AUC:0.6341	AUPR:0.3818	Fmax:0.4872	Epoch:5
AUC:0.51	AUPR:0.3198	Fmax:0.4444	Epoch:20
AUC:0.565	AUPR:0.3508	Fmax:0.4328	Epoch:10
AUC:0.5002	AUPR:0.2583	Fmax:0.3876	Epoch:20
AUC:0.4782	AUPR:0.2093	Fmax:0.3636	Epoch:0
AVG# AUC:0.5375	AUPR:0.304	Fmax:0.4231
Configurations:
	root: ../data/
	graph: 2
	bs: 256
	lr: 0.005
	prior: 0.01
	emb_dim: 16
	lmbda: 2.0
	base_model: DistMult
	num_ng: 4
	wd: 0
	do: 0.2
	loss_type: pn
	scoring_fct_norm: 1
	kernel_size: 3
	convkb_drop_prob: 0.5
	out_channels: 32
	margin: 6.0
	epsilon: 2.0
	num_workers: 0
	max_epochs: 5000
	seed: 42
	gpu: 0
	valid_interval: 5
	verbose: 0
	tolerance: 20
N Entities:1638
N Relations:12
AUC:0.676	AUPR:0.4351	Fmax:0.4722	Epoch:5
AUC:0.5562	AUPR:0.3161	Fmax:0.4615	Epoch:0
AUC:0.5975	AUPR:0.3903	Fmax:0.4956	Epoch:35
AUC:0.5892	AUPR:0.3194	Fmax:0.4267	Epoch:0
AUC:0.5339	AUPR:0.2931	Fmax:0.3944	Epoch:25
AVG# AUC:0.5906	AUPR:0.3508	Fmax:0.4501
Configurations:
	root: ../data/
	graph: 2
	bs: 128
	lr: 0.005
	prior: 0.01
	emb_dim: 16
	lmbda: 1.0
	base_model: DistMult
	num_ng: 4
	wd: 0
	do: 0.2
	loss_type: pn
	scoring_fct_norm: 1
	kernel_size: 3
	convkb_drop_prob: 0.5
	out_channels: 32
	margin: 6.0
	epsilon: 2.0
	num_workers: 0
	max_epochs: 5000
	seed: 42
	gpu: 0
	valid_interval: 5
	verbose: 0
	tolerance: 20
N Entities:1638
N Relations:12
AUC:0.635	AUPR:0.3392	Fmax:0.4651	Epoch:5
AUC:0.5167	AUPR:0.2736	Fmax:0.458	Epoch:35
AUC:0.6033	AUPR:0.3369	Fmax:0.4833	Epoch:20
AUC:0.4889	AUPR:0.235	Fmax:0.3704	Epoch:25
AUC:0.548	AUPR:0.3131	Fmax:0.4071	Epoch:30
AVG# AUC:0.5584	AUPR:0.2996	Fmax:0.4368
Configurations:
	root: ../data/
	graph: 2
	bs: 256
	lr: 0.005
	prior: 0.01
	emb_dim: 32
	lmbda: 0.5
	base_model: DistMult
	num_ng: 4
	wd: 0
	do: 0.2
	loss_type: pn
	scoring_fct_norm: 1
	kernel_size: 3
	convkb_drop_prob: 0.5
	out_channels: 32
	margin: 6.0
	epsilon: 2.0
	num_workers: 0
	max_epochs: 5000
	seed: 42
	gpu: 0
	valid_interval: 5
	verbose: 0
	tolerance: 20
N Entities:1638
N Relations:12
AUC:0.5948	AUPR:0.3288	Fmax:0.4419	Epoch:65
AUC:0.5612	AUPR:0.3725	Fmax:0.4412	Epoch:15
AUC:0.6542	AUPR:0.4028	Fmax:0.5051	Epoch:15
AUC:0.5708	AUPR:0.2603	Fmax:0.4124	Epoch:0
AUC:0.4317	AUPR:0.2459	Fmax:0.3582	Epoch:15
AVG# AUC:0.5625	AUPR:0.3221	Fmax:0.4318
Configurations:
	root: ../data/
	graph: 2
	bs: 64
	lr: 0.005
	prior: 0.01
	emb_dim: 16
	lmbda: 0.5
	base_model: DistMult
	num_ng: 4
	wd: 0
	do: 0.2
	loss_type: pn
	scoring_fct_norm: 1
	kernel_size: 3
	convkb_drop_prob: 0.5
	out_channels: 32
	margin: 6.0
	epsilon: 2.0
	num_workers: 0
	max_epochs: 5000
	seed: 42
	gpu: 0
	valid_interval: 5
	verbose: 0
	tolerance: 20
N Entities:1638
N Relations:12
AUC:0.6814	AUPR:0.3822	Fmax:0.5316	Epoch:5
AUC:0.6004	AUPR:0.3296	Fmax:0.4737	Epoch:0
AUC:0.62	AUPR:0.38	Fmax:0.4884	Epoch:10
AUC:0.5016	AUPR:0.2789	Fmax:0.4	Epoch:25
AUC:0.5228	AUPR:0.2266	Fmax:0.386	Epoch:0
AVG# AUC:0.5852	AUPR:0.3195	Fmax:0.4559
Configurations:
	root: ../data/
	graph: 2
	bs: 128
	lr: 0.005
	prior: 0.01
	emb_dim: 16
	lmbda: 2.0
	base_model: DistMult
	num_ng: 4
	wd: 0
	do: 0.2
	loss_type: pn
	scoring_fct_norm: 1
	kernel_size: 3
	convkb_drop_prob: 0.5
	out_channels: 32
	margin: 6.0
	epsilon: 2.0
	num_workers: 0
	max_epochs: 5000
	seed: 42
	gpu: 0
	valid_interval: 5
	verbose: 0
	tolerance: 20
N Entities:1638
N Relations:12
AUC:0.6435	AUPR:0.3359	Fmax:0.4717	Epoch:5
AUC:0.6175	AUPR:0.3803	Fmax:0.5128	Epoch:0
AUC:0.6133	AUPR:0.3538	Fmax:0.5045	Epoch:10
AUC:0.5252	AUPR:0.265	Fmax:0.4	Epoch:0
AUC:0.4651	AUPR:0.2104	Fmax:0.3871	Epoch:20
AVG# AUC:0.5729	AUPR:0.3091	Fmax:0.4552
Configurations:
	root: ../data/
	graph: 2
	bs: 256
	lr: 0.005
	prior: 0.01
	emb_dim: 32
	lmbda: 1.0
	base_model: DistMult
	num_ng: 4
	wd: 0
	do: 0.2
	loss_type: pn
	scoring_fct_norm: 1
	kernel_size: 3
	convkb_drop_prob: 0.5
	out_channels: 32
	margin: 6.0
	epsilon: 2.0
	num_workers: 0
	max_epochs: 5000
	seed: 42
	gpu: 0
	valid_interval: 5
	verbose: 0
	tolerance: 20
N Entities:1638
N Relations:12
AUC:0.5846	AUPR:0.3126	Fmax:0.4272	Epoch:5
AUC:0.5112	AUPR:0.299	Fmax:0.4361	Epoch:5
AUC:0.6146	AUPR:0.3626	Fmax:0.4894	Epoch:45
AUC:0.5572	AUPR:0.2411	Fmax:0.4299	Epoch:5
AUC:0.4695	AUPR:0.2078	Fmax:0.3692	Epoch:20
AVG# AUC:0.5474	AUPR:0.2846	Fmax:0.4304
Configurations:
	root: ../data/
	graph: 2
	bs: 64
	lr: 0.005
	prior: 0.01
	emb_dim: 16
	lmbda: 1.0
	base_model: DistMult
	num_ng: 4
	wd: 0
	do: 0.2
	loss_type: pn
	scoring_fct_norm: 1
	kernel_size: 3
	convkb_drop_prob: 0.5
	out_channels: 32
	margin: 6.0
	epsilon: 2.0
	num_workers: 0
	max_epochs: 5000
	seed: 42
	gpu: 0
	valid_interval: 5
	verbose: 0
	tolerance: 20
N Entities:1638
N Relations:12
AUC:0.6412	AUPR:0.3599	Fmax:0.4576	Epoch:5
AUC:0.5033	AUPR:0.2841	Fmax:0.4317	Epoch:10
AUC:0.6054	AUPR:0.3615	Fmax:0.5138	Epoch:20
AUC:0.4715	AUPR:0.2282	Fmax:0.3788	Epoch:20
AUC:0.5097	AUPR:0.2312	Fmax:0.3704	Epoch:0
AVG# AUC:0.5462	AUPR:0.293	Fmax:0.4305
Configurations:
	root: ../data/
	graph: 2
	bs: 128
	lr: 0.005
	prior: 0.01
	emb_dim: 32
	lmbda: 0.5
	base_model: DistMult
	num_ng: 4
	wd: 0
	do: 0.2
	loss_type: pn
	scoring_fct_norm: 1
	kernel_size: 3
	convkb_drop_prob: 0.5
	out_channels: 32
	margin: 6.0
	epsilon: 2.0
	num_workers: 0
	max_epochs: 5000
	seed: 42
	gpu: 0
	valid_interval: 5
	verbose: 0
	tolerance: 20
N Entities:1638
N Relations:12
AUC:0.6417	AUPR:0.3719	Fmax:0.4587	Epoch:5
AUC:0.5137	AUPR:0.3007	Fmax:0.4779	Epoch:5
AUC:0.5033	AUPR:0.2652	Fmax:0.4571	Epoch:10
AUC:0.5892	AUPR:0.3424	Fmax:0.4267	Epoch:0
AUC:0.561	AUPR:0.2591	Fmax:0.3958	Epoch:15
AVG# AUC:0.5618	AUPR:0.3079	Fmax:0.4432
Configurations:
	root: ../data/
	graph: 2
	bs: 256
	lr: 0.005
	prior: 0.01
	emb_dim: 32
	lmbda: 2.0
	base_model: DistMult
	num_ng: 4
	wd: 0
	do: 0.2
	loss_type: pn
	scoring_fct_norm: 1
	kernel_size: 3
	convkb_drop_prob: 0.5
	out_channels: 32
	margin: 6.0
	epsilon: 2.0
	num_workers: 0
	max_epochs: 5000
	seed: 42
	gpu: 0
	valid_interval: 5
	verbose: 0
	tolerance: 20
N Entities:1638
N Relations:12
AUC:0.6876	AUPR:0.4362	Fmax:0.5106	Epoch:5
AUC:0.5438	AUPR:0.3191	Fmax:0.4444	Epoch:5
AUC:0.6079	AUPR:0.355	Fmax:0.5043	Epoch:50
AUC:0.536	AUPR:0.334	Fmax:0.419	Epoch:0
AUC:0.5179	AUPR:0.2424	Fmax:0.386	Epoch:0
AVG# AUC:0.5786	AUPR:0.3373	Fmax:0.4529
Configurations:
	root: ../data/
	graph: 2
	bs: 128
	lr: 0.005
	prior: 0.01
	emb_dim: 32
	lmbda: 1.0
	base_model: DistMult
	num_ng: 4
	wd: 0
	do: 0.2
	loss_type: pn
	scoring_fct_norm: 1
	kernel_size: 3
	convkb_drop_prob: 0.5
	out_channels: 32
	margin: 6.0
	epsilon: 2.0
	num_workers: 0
	max_epochs: 5000
	seed: 42
	gpu: 0
	valid_interval: 5
	verbose: 0
	tolerance: 20
N Entities:1638
N Relations:12
AUC:0.6145	AUPR:0.3201	Fmax:0.4615	Epoch:5
AUC:0.5929	AUPR:0.3897	Fmax:0.4638	Epoch:0
AUC:0.5996	AUPR:0.3532	Fmax:0.4752	Epoch:40
AUC:0.4428	AUPR:0.2162	Fmax:0.3759	Epoch:50
AUC:0.4869	AUPR:0.2151	Fmax:0.3664	Epoch:10
AVG# AUC:0.5473	AUPR:0.2989	Fmax:0.4286
Configurations:
	root: ../data/
	graph: 2
	bs: 64
	lr: 0.005
	prior: 0.01
	emb_dim: 16
	lmbda: 2.0
	base_model: DistMult
	num_ng: 4
	wd: 0
	do: 0.2
	loss_type: pn
	scoring_fct_norm: 1
	kernel_size: 3
	convkb_drop_prob: 0.5
	out_channels: 32
	margin: 6.0
	epsilon: 2.0
	num_workers: 0
	max_epochs: 5000
	seed: 42
	gpu: 0
	valid_interval: 5
	verbose: 0
	tolerance: 20
N Entities:1638
N Relations:12
AUC:0.6167	AUPR:0.3011	Fmax:0.4819	Epoch:5
AUC:0.515	AUPR:0.2678	Fmax:0.4553	Epoch:10
AUC:0.5808	AUPR:0.3571	Fmax:0.5091	Epoch:15
AUC:0.5464	AUPR:0.3362	Fmax:0.4231	Epoch:30
AUC:0.5073	AUPR:0.2561	Fmax:0.3636	Epoch:0
AVG# AUC:0.5532	AUPR:0.3037	Fmax:0.4466
Configurations:
	root: ../data/
	graph: 2
	bs: 256
	lr: 0.005
	prior: 0.01
	emb_dim: 64
	lmbda: 0.5
	base_model: DistMult
	num_ng: 4
	wd: 0
	do: 0.2
	loss_type: pn
	scoring_fct_norm: 1
	kernel_size: 3
	convkb_drop_prob: 0.5
	out_channels: 32
	margin: 6.0
	epsilon: 2.0
	num_workers: 0
	max_epochs: 5000
	seed: 42
	gpu: 0
	valid_interval: 5
	verbose: 0
	tolerance: 20
N Entities:1638
N Relations:12
AUC:0.672	AUPR:0.3951	Fmax:0.5	Epoch:15
AUC:0.6225	AUPR:0.3668	Fmax:0.5049	Epoch:0
AUC:0.5942	AUPR:0.3651	Fmax:0.4793	Epoch:30
AUC:0.6753	AUPR:0.3954	Fmax:0.4938	Epoch:0
AUC:0.5644	AUPR:0.2891	Fmax:0.3934	Epoch:10
AVG# AUC:0.6257	AUPR:0.3623	Fmax:0.4743
Configurations:
	root: ../data/
	graph: 2
	bs: 128
	lr: 0.005
	prior: 0.01
	emb_dim: 32
	lmbda: 2.0
	base_model: DistMult
	num_ng: 4
	wd: 0
	do: 0.2
	loss_type: pn
	scoring_fct_norm: 1
	kernel_size: 3
	convkb_drop_prob: 0.5
	out_channels: 32
	margin: 6.0
	epsilon: 2.0
	num_workers: 0
	max_epochs: 5000
	seed: 42
	gpu: 0
	valid_interval: 5
	verbose: 0
	tolerance: 20
N Entities:1638
N Relations:12
AUC:0.635	AUPR:0.3717	Fmax:0.475	Epoch:5
AUC:0.5546	AUPR:0.3478	Fmax:0.4538	Epoch:5
AUC:0.5829	AUPR:0.3067	Fmax:0.5	Epoch:10
AUC:0.5454	AUPR:0.2756	Fmax:0.4132	Epoch:0
AUC:0.6308	AUPR:0.2666	Fmax:0.4935	Epoch:0
AVG# AUC:0.5897	AUPR:0.3137	Fmax:0.4671
Configurations:
	root: ../data/
	graph: 2
	bs: 64
	lr: 0.005
	prior: 0.01
	emb_dim: 32
	lmbda: 0.5
	base_model: DistMult
	num_ng: 4
	wd: 0
	do: 0.2
	loss_type: pn
	scoring_fct_norm: 1
	kernel_size: 3
	convkb_drop_prob: 0.5
	out_channels: 32
	margin: 6.0
	epsilon: 2.0
	num_workers: 0
	max_epochs: 5000
	seed: 42
	gpu: 0
	valid_interval: 5
	verbose: 0
	tolerance: 20
N Entities:1638
N Relations:12
AUC:0.6702	AUPR:0.3903	Fmax:0.4884	Epoch:5
AUC:0.4962	AUPR:0.335	Fmax:0.4361	Epoch:5
AUC:0.5658	AUPR:0.3249	Fmax:0.4655	Epoch:5
AUC:0.5336	AUPR:0.3162	Fmax:0.3759	Epoch:30
AUC:0.5799	AUPR:0.2965	Fmax:0.4	Epoch:0
AVG# AUC:0.5691	AUPR:0.3326	Fmax:0.4332
Configurations:
	root: ../data/
	graph: 2
	bs: 256
	lr: 0.005
	prior: 0.01
	emb_dim: 64
	lmbda: 1.0
	base_model: DistMult
	num_ng: 4
	wd: 0
	do: 0.2
	loss_type: pn
	scoring_fct_norm: 1
	kernel_size: 3
	convkb_drop_prob: 0.5
	out_channels: 32
	margin: 6.0
	epsilon: 2.0
	num_workers: 0
	max_epochs: 5000
	seed: 42
	gpu: 0
	valid_interval: 5
	verbose: 0
	tolerance: 20
N Entities:1638
N Relations:12
AUC:0.6595	AUPR:0.3867	Fmax:0.5	Epoch:15
AUC:0.5337	AUPR:0.292	Fmax:0.4444	Epoch:35
AUC:0.5746	AUPR:0.3353	Fmax:0.5	Epoch:15
AUC:0.5299	AUPR:0.3248	Fmax:0.3966	Epoch:5
AUC:0.5218	AUPR:0.2516	Fmax:0.3774	Epoch:35
AVG# AUC:0.5639	AUPR:0.3181	Fmax:0.4437
Configurations:
	root: ../data/
	graph: 2
	bs: 128
	lr: 0.005
	prior: 0.01
	emb_dim: 64
	lmbda: 0.5
	base_model: DistMult
	num_ng: 4
	wd: 0
	do: 0.2
	loss_type: pn
	scoring_fct_norm: 1
	kernel_size: 3
	convkb_drop_prob: 0.5
	out_channels: 32
	margin: 6.0
	epsilon: 2.0
	num_workers: 0
	max_epochs: 5000
	seed: 42
	gpu: 0
	valid_interval: 5
	verbose: 0
	tolerance: 20
N Entities:1638
N Relations:12
AUC:0.5636	AUPR:0.2892	Fmax:0.419	Epoch:15
AUC:0.4771	AUPR:0.2684	Fmax:0.4317	Epoch:0
AUC:0.5425	AUPR:0.3165	Fmax:0.4496	Epoch:5
AUC:0.4504	AUPR:0.2213	Fmax:0.3704	Epoch:0
AUC:0.5397	AUPR:0.2518	Fmax:0.433	Epoch:20
AVG# AUC:0.5147	AUPR:0.2694	Fmax:0.4207
Configurations:
	root: ../data/
	graph: 2
	bs: 64
	lr: 0.005
	prior: 0.01
	emb_dim: 32
	lmbda: 1.0
	base_model: DistMult
	num_ng: 4
	wd: 0
	do: 0.2
	loss_type: pn
	scoring_fct_norm: 1
	kernel_size: 3
	convkb_drop_prob: 0.5
	out_channels: 32
	margin: 6.0
	epsilon: 2.0
	num_workers: 0
	max_epochs: 5000
	seed: 42
	gpu: 0
	valid_interval: 5
	verbose: 0
	tolerance: 20
N Entities:1638
N Relations:12
AUC:0.6952	AUPR:0.4687	Fmax:0.4906	Epoch:5
AUC:0.5254	AUPR:0.3224	Fmax:0.438	Epoch:40
AUC:0.5971	AUPR:0.3468	Fmax:0.4677	Epoch:0
AUC:0.4475	AUPR:0.2875	Fmax:0.3759	Epoch:0
AUC:0.6284	AUPR:0.3268	Fmax:0.4561	Epoch:0
AVG# AUC:0.5787	AUPR:0.3504	Fmax:0.4457
Configurations:
	root: ../data/
	graph: 2
	bs: 256
	lr: 0.005
	prior: 0.01
	emb_dim: 64
	lmbda: 2.0
	base_model: DistMult
	num_ng: 4
	wd: 0
	do: 0.2
	loss_type: pn
	scoring_fct_norm: 1
	kernel_size: 3
	convkb_drop_prob: 0.5
	out_channels: 32
	margin: 6.0
	epsilon: 2.0
	num_workers: 0
	max_epochs: 5000
	seed: 42
	gpu: 0
	valid_interval: 5
	verbose: 0
	tolerance: 20
N Entities:1638
N Relations:12
AUC:0.6734	AUPR:0.4	Fmax:0.506	Epoch:15
AUC:0.5662	AUPR:0.3257	Fmax:0.4673	Epoch:0
AUC:0.6117	AUPR:0.4072	Fmax:0.4865	Epoch:20
AUC:0.5402	AUPR:0.2828	Fmax:0.3906	Epoch:0
AUC:0.5024	AUPR:0.2621	Fmax:0.3883	Epoch:25
AVG# AUC:0.5788	AUPR:0.3356	Fmax:0.4477
Configurations:
	root: ../data/
	graph: 2
	bs: 128
	lr: 0.005
	prior: 0.01
	emb_dim: 64
	lmbda: 1.0
	base_model: DistMult
	num_ng: 4
	wd: 0
	do: 0.2
	loss_type: pn
	scoring_fct_norm: 1
	kernel_size: 3
	convkb_drop_prob: 0.5
	out_channels: 32
	margin: 6.0
	epsilon: 2.0
	num_workers: 0
	max_epochs: 5000
	seed: 42
	gpu: 0
	valid_interval: 5
	verbose: 0
	tolerance: 20
N Entities:1638
N Relations:12
AUC:0.5841	AUPR:0.2968	Fmax:0.4407	Epoch:15
AUC:0.5104	AUPR:0.2756	Fmax:0.434	Epoch:15
AUC:0.6171	AUPR:0.3629	Fmax:0.4848	Epoch:5
AUC:0.5247	AUPR:0.2954	Fmax:0.3889	Epoch:5
AUC:0.5203	AUPR:0.2235	Fmax:0.3894	Epoch:25
AVG# AUC:0.5513	AUPR:0.2908	Fmax:0.4276
Configurations:
	root: ../data/
	graph: 2
	bs: 64
	lr: 0.005
	prior: 0.01
	emb_dim: 32
	lmbda: 2.0
	base_model: DistMult
	num_ng: 4
	wd: 0
	do: 0.2
	loss_type: pn
	scoring_fct_norm: 1
	kernel_size: 3
	convkb_drop_prob: 0.5
	out_channels: 32
	margin: 6.0
	epsilon: 2.0
	num_workers: 0
	max_epochs: 5000
	seed: 42
	gpu: 0
	valid_interval: 5
	verbose: 0
	tolerance: 20
N Entities:1638
N Relations:12
AUC:0.6149	AUPR:0.3719	Fmax:0.4808	Epoch:10
AUC:0.4371	AUPR:0.2416	Fmax:0.438	Epoch:0
AUC:0.5462	AUPR:0.3172	Fmax:0.448	Epoch:15
AUC:0.5012	AUPR:0.2324	Fmax:0.4158	Epoch:0
AUC:0.5877	AUPR:0.2889	Fmax:0.4048	Epoch:0
AVG# AUC:0.5374	AUPR:0.2904	Fmax:0.4375
Configurations:
	root: ../data/
	graph: 2
	bs: 256
	lr: 0.001
	prior: 0.01
	emb_dim: 16
	lmbda: 0.5
	base_model: DistMult
	num_ng: 4
	wd: 0
	do: 0.2
	loss_type: pn
	scoring_fct_norm: 1
	kernel_size: 3
	convkb_drop_prob: 0.5
	out_channels: 32
	margin: 6.0
	epsilon: 2.0
	num_workers: 0
	max_epochs: 5000
	seed: 42
	gpu: 0
	valid_interval: 5
	verbose: 0
	tolerance: 20
N Entities:1638
N Relations:12
AUC:0.6386	AUPR:0.3285	Fmax:0.4878	Epoch:155
AUC:0.5267	AUPR:0.3561	Fmax:0.4412	Epoch:50
AUC:0.6612	AUPR:0.4758	Fmax:0.5057	Epoch:30
AUC:0.5205	AUPR:0.2639	Fmax:0.381	Epoch:5
AUC:0.5262	AUPR:0.2481	Fmax:0.3846	Epoch:85
AVG# AUC:0.5746	AUPR:0.3345	Fmax:0.4401
Configurations:
	root: ../data/
	graph: 2
	bs: 128
	lr: 0.005
	prior: 0.01
	emb_dim: 64
	lmbda: 2.0
	base_model: DistMult
	num_ng: 4
	wd: 0
	do: 0.2
	loss_type: pn
	scoring_fct_norm: 1
	kernel_size: 3
	convkb_drop_prob: 0.5
	out_channels: 32
	margin: 6.0
	epsilon: 2.0
	num_workers: 0
	max_epochs: 5000
	seed: 42
	gpu: 0
	valid_interval: 5
	verbose: 0
	tolerance: 20
N Entities:1638
N Relations:12
AUC:0.6827	AUPR:0.3945	Fmax:0.5397	Epoch:15
AUC:0.4846	AUPR:0.2723	Fmax:0.4444	Epoch:0
AUC:0.5179	AUPR:0.3092	Fmax:0.458	Epoch:15
AUC:0.5205	AUPR:0.2636	Fmax:0.3846	Epoch:50
AUC:0.4956	AUPR:0.2719	Fmax:0.3853	Epoch:25
AVG# AUC:0.5403	AUPR:0.3023	Fmax:0.4424
Configurations:
	root: ../data/
	graph: 2
	bs: 64
	lr: 0.005
	prior: 0.01
	emb_dim: 64
	lmbda: 0.5
	base_model: DistMult
	num_ng: 4
	wd: 0
	do: 0.2
	loss_type: pn
	scoring_fct_norm: 1
	kernel_size: 3
	convkb_drop_prob: 0.5
	out_channels: 32
	margin: 6.0
	epsilon: 2.0
	num_workers: 0
	max_epochs: 5000
	seed: 42
	gpu: 0
	valid_interval: 5
	verbose: 0
	tolerance: 20
N Entities:1638
N Relations:12
AUC:0.6457	AUPR:0.331	Fmax:0.4737	Epoch:5
AUC:0.5058	AUPR:0.3336	Fmax:0.4394	Epoch:25
AUC:0.6167	AUPR:0.4327	Fmax:0.4677	Epoch:0
AUC:0.4805	AUPR:0.2451	Fmax:0.3817	Epoch:25
AUC:0.5959	AUPR:0.3071	Fmax:0.4043	Epoch:5
AVG# AUC:0.5689	AUPR:0.3299	Fmax:0.4334
Configurations:
	root: ../data/
	graph: 2
	bs: 256
	lr: 0.001
	prior: 0.01
	emb_dim: 16
	lmbda: 1.0
	base_model: DistMult
	num_ng: 4
	wd: 0
	do: 0.2
	loss_type: pn
	scoring_fct_norm: 1
	kernel_size: 3
	convkb_drop_prob: 0.5
	out_channels: 32
	margin: 6.0
	epsilon: 2.0
	num_workers: 0
	max_epochs: 5000
	seed: 42
	gpu: 0
	valid_interval: 5
	verbose: 0
	tolerance: 20
N Entities:1638
N Relations:12
AUC:0.6448	AUPR:0.3601	Fmax:0.4673	Epoch:120
AUC:0.6454	AUPR:0.4179	Fmax:0.5333	Epoch:20
AUC:0.6146	AUPR:0.3976	Fmax:0.4865	Epoch:145
AUC:0.4522	AUPR:0.2455	Fmax:0.3704	Epoch:90
AUC:0.4976	AUPR:0.2254	Fmax:0.381	Epoch:40
AVG# AUC:0.5709	AUPR:0.3293	Fmax:0.4477
Configurations:
	root: ../data/
	graph: 2
	bs: 64
	lr: 0.005
	prior: 0.01
	emb_dim: 64
	lmbda: 1.0
	base_model: DistMult
	num_ng: 4
	wd: 0
	do: 0.2
	loss_type: pn
	scoring_fct_norm: 1
	kernel_size: 3
	convkb_drop_prob: 0.5
	out_channels: 32
	margin: 6.0
	epsilon: 2.0
	num_workers: 0
	max_epochs: 5000
	seed: 42
	gpu: 0
	valid_interval: 5
	verbose: 0
	tolerance: 20
N Entities:1638
N Relations:12
AUC:0.6118	AUPR:0.3218	Fmax:0.4528	Epoch:0
AUC:0.5358	AUPR:0.3283	Fmax:0.4444	Epoch:0
AUC:0.6138	AUPR:0.3978	Fmax:0.4848	Epoch:5
AUC:0.4842	AUPR:0.2823	Fmax:0.3788	Epoch:5
AUC:0.5436	AUPR:0.2623	Fmax:0.3692	Epoch:0
AVG# AUC:0.5578	AUPR:0.3185	Fmax:0.426
Configurations:
	root: ../data/
	graph: 2
	bs: 128
	lr: 0.001
	prior: 0.01
	emb_dim: 16
	lmbda: 0.5
	base_model: DistMult
	num_ng: 4
	wd: 0
	do: 0.2
	loss_type: pn
	scoring_fct_norm: 1
	kernel_size: 3
	convkb_drop_prob: 0.5
	out_channels: 32
	margin: 6.0
	epsilon: 2.0
	num_workers: 0
	max_epochs: 5000
	seed: 42
	gpu: 0
	valid_interval: 5
	verbose: 0
	tolerance: 20
N Entities:1638
N Relations:12
AUC:0.6774	AUPR:0.4018	Fmax:0.4848	Epoch:35
AUC:0.5912	AUPR:0.3376	Fmax:0.4667	Epoch:30
AUC:0.6462	AUPR:0.396	Fmax:0.5	Epoch:65
AUC:0.5148	AUPR:0.2929	Fmax:0.3817	Epoch:5
AUC:0.5426	AUPR:0.2272	Fmax:0.42	Epoch:295
AVG# AUC:0.5944	AUPR:0.3311	Fmax:0.4506
Configurations:
	root: ../data/
	graph: 2
	bs: 256
	lr: 0.001
	prior: 0.01
	emb_dim: 16
	lmbda: 2.0
	base_model: DistMult
	num_ng: 4
	wd: 0
	do: 0.2
	loss_type: pn
	scoring_fct_norm: 1
	kernel_size: 3
	convkb_drop_prob: 0.5
	out_channels: 32
	margin: 6.0
	epsilon: 2.0
	num_workers: 0
	max_epochs: 5000
	seed: 42
	gpu: 0
	valid_interval: 5
	verbose: 0
	tolerance: 20
N Entities:1638
N Relations:12
AUC:0.6577	AUPR:0.396	Fmax:0.4595	Epoch:25
AUC:0.5504	AUPR:0.3304	Fmax:0.4409	Epoch:40
AUC:0.6462	AUPR:0.4194	Fmax:0.5208	Epoch:50
AUC:0.5482	AUPR:0.3099	Fmax:0.3922	Epoch:0
AUC:0.6332	AUPR:0.3434	Fmax:0.4923	Epoch:20
AVG# AUC:0.6071	AUPR:0.3598	Fmax:0.4611
Configurations:
	root: ../data/
	graph: 2
	bs: 64
	lr: 0.005
	prior: 0.01
	emb_dim: 64
	lmbda: 2.0
	base_model: DistMult
	num_ng: 4
	wd: 0
	do: 0.2
	loss_type: pn
	scoring_fct_norm: 1
	kernel_size: 3
	convkb_drop_prob: 0.5
	out_channels: 32
	margin: 6.0
	epsilon: 2.0
	num_workers: 0
	max_epochs: 5000
	seed: 42
	gpu: 0
	valid_interval: 5
	verbose: 0
	tolerance: 20
N Entities:1638
N Relations:12
AUC:0.5739	AUPR:0.2719	Fmax:0.4486	Epoch:0
AUC:0.5417	AUPR:0.3452	Fmax:0.448	Epoch:0
AUC:0.6762	AUPR:0.4325	Fmax:0.5149	Epoch:5
AUC:0.4668	AUPR:0.2432	Fmax:0.3846	Epoch:25
AUC:0.5044	AUPR:0.2097	Fmax:0.4048	Epoch:10
AVG# AUC:0.5526	AUPR:0.3005	Fmax:0.4402
Configurations:
	root: ../data/
	graph: 2
	bs: 128
	lr: 0.001
	prior: 0.01
	emb_dim: 16
	lmbda: 1.0
	base_model: DistMult
	num_ng: 4
	wd: 0
	do: 0.2
	loss_type: pn
	scoring_fct_norm: 1
	kernel_size: 3
	convkb_drop_prob: 0.5
	out_channels: 32
	margin: 6.0
	epsilon: 2.0
	num_workers: 0
	max_epochs: 5000
	seed: 42
	gpu: 0
	valid_interval: 5
	verbose: 0
	tolerance: 20
N Entities:1638
N Relations:12
AUC:0.6519	AUPR:0.3703	Fmax:0.481	Epoch:100
AUC:0.5621	AUPR:0.3461	Fmax:0.4419	Epoch:0
AUC:0.65	AUPR:0.3646	Fmax:0.5195	Epoch:30
AUC:0.4659	AUPR:0.2379	Fmax:0.3759	Epoch:60
AUC:0.562	AUPR:0.2962	Fmax:0.3896	Epoch:0
AVG# AUC:0.5784	AUPR:0.323	Fmax:0.4416
Configurations:
	root: ../data/
	graph: 2
	bs: 256
	lr: 0.001
	prior: 0.01
	emb_dim: 32
	lmbda: 0.5
	base_model: DistMult
	num_ng: 4
	wd: 0
	do: 0.2
	loss_type: pn
	scoring_fct_norm: 1
	kernel_size: 3
	convkb_drop_prob: 0.5
	out_channels: 32
	margin: 6.0
	epsilon: 2.0
	num_workers: 0
	max_epochs: 5000
	seed: 42
	gpu: 0
	valid_interval: 5
	verbose: 0
	tolerance: 20
N Entities:1638
N Relations:12
AUC:0.6247	AUPR:0.3131	Fmax:0.4706	Epoch:75
AUC:0.5362	AUPR:0.3478	Fmax:0.439	Epoch:65
AUC:0.605	AUPR:0.3986	Fmax:0.4762	Epoch:30
AUC:0.5162	AUPR:0.2218	Fmax:0.433	Epoch:20
AUC:0.5184	AUPR:0.2806	Fmax:0.3636	Epoch:115
AVG# AUC:0.5601	AUPR:0.3124	Fmax:0.4365
Configurations:
	root: ../data/
	graph: 2
	bs: 64
	lr: 0.001
	prior: 0.01
	emb_dim: 16
	lmbda: 0.5
	base_model: DistMult
	num_ng: 4
	wd: 0
	do: 0.2
	loss_type: pn
	scoring_fct_norm: 1
	kernel_size: 3
	convkb_drop_prob: 0.5
	out_channels: 32
	margin: 6.0
	epsilon: 2.0
	num_workers: 0
	max_epochs: 5000
	seed: 42
	gpu: 0
	valid_interval: 5
	verbose: 0
	tolerance: 20
N Entities:1638
N Relations:12
AUC:0.6734	AUPR:0.4055	Fmax:0.5063	Epoch:25
AUC:0.5604	AUPR:0.3548	Fmax:0.4533	Epoch:0
AUC:0.5738	AUPR:0.3208	Fmax:0.4842	Epoch:20
AUC:0.6259	AUPR:0.3058	Fmax:0.4857	Epoch:5
AUC:0.5034	AUPR:0.2565	Fmax:0.3853	Epoch:60
AVG# AUC:0.5874	AUPR:0.3287	Fmax:0.463
Configurations:
	root: ../data/
	graph: 2
	bs: 128
	lr: 0.001
	prior: 0.01
	emb_dim: 16
	lmbda: 2.0
	base_model: DistMult
	num_ng: 4
	wd: 0
	do: 0.2
	loss_type: pn
	scoring_fct_norm: 1
	kernel_size: 3
	convkb_drop_prob: 0.5
	out_channels: 32
	margin: 6.0
	epsilon: 2.0
	num_workers: 0
	max_epochs: 5000
	seed: 42
	gpu: 0
	valid_interval: 5
	verbose: 0
	tolerance: 20
N Entities:1638
N Relations:12
AUC:0.7091	AUPR:0.4326	Fmax:0.5091	Epoch:25
AUC:0.55	AUPR:0.348	Fmax:0.4348	Epoch:40
AUC:0.6417	AUPR:0.4282	Fmax:0.5053	Epoch:55
AUC:0.4522	AUPR:0.2413	Fmax:0.3704	Epoch:0
AUC:0.5092	AUPR:0.2631	Fmax:0.3962	Epoch:100
AVG# AUC:0.5724	AUPR:0.3426	Fmax:0.4432
Configurations:
	root: ../data/
	graph: 2
	bs: 256
	lr: 0.001
	prior: 0.01
	emb_dim: 32
	lmbda: 1.0
	base_model: DistMult
	num_ng: 4
	wd: 0
	do: 0.2
	loss_type: pn
	scoring_fct_norm: 1
	kernel_size: 3
	convkb_drop_prob: 0.5
	out_channels: 32
	margin: 6.0
	epsilon: 2.0
	num_workers: 0
	max_epochs: 5000
	seed: 42
	gpu: 0
	valid_interval: 5
	verbose: 0
	tolerance: 20
N Entities:1638
N Relations:12
AUC:0.6287	AUPR:0.3306	Fmax:0.4854	Epoch:80
AUC:0.5438	AUPR:0.3776	Fmax:0.4444	Epoch:45
AUC:0.6183	AUPR:0.35	Fmax:0.5225	Epoch:50
AUC:0.504	AUPR:0.2997	Fmax:0.3759	Epoch:115
AUC:0.5383	AUPR:0.2897	Fmax:0.396	Epoch:145
AVG# AUC:0.5666	AUPR:0.3295	Fmax:0.4448
Configurations:
	root: ../data/
	graph: 2
	bs: 64
	lr: 0.001
	prior: 0.01
	emb_dim: 16
	lmbda: 1.0
	base_model: DistMult
	num_ng: 4
	wd: 0
	do: 0.2
	loss_type: pn
	scoring_fct_norm: 1
	kernel_size: 3
	convkb_drop_prob: 0.5
	out_channels: 32
	margin: 6.0
	epsilon: 2.0
	num_workers: 0
	max_epochs: 5000
	seed: 42
	gpu: 0
	valid_interval: 5
	verbose: 0
	tolerance: 20
N Entities:1638
N Relations:12
AUC:0.6649	AUPR:0.4209	Fmax:0.5055	Epoch:25
AUC:0.5504	AUPR:0.4293	Fmax:0.438	Epoch:5
AUC:0.6171	AUPR:0.3383	Fmax:0.5217	Epoch:50
AUC:0.488	AUPR:0.2173	Fmax:0.4124	Epoch:5
AUC:0.5436	AUPR:0.2875	Fmax:0.3833	Epoch:30
AVG# AUC:0.5728	AUPR:0.3387	Fmax:0.4522
Configurations:
	root: ../data/
	graph: 2
	bs: 128
	lr: 0.001
	prior: 0.01
	emb_dim: 32
	lmbda: 0.5
	base_model: DistMult
	num_ng: 4
	wd: 0
	do: 0.2
	loss_type: pn
	scoring_fct_norm: 1
	kernel_size: 3
	convkb_drop_prob: 0.5
	out_channels: 32
	margin: 6.0
	epsilon: 2.0
	num_workers: 0
	max_epochs: 5000
	seed: 42
	gpu: 0
	valid_interval: 5
	verbose: 0
	tolerance: 20
N Entities:1638
N Relations:12
AUC:0.6292	AUPR:0.3446	Fmax:0.4706	Epoch:75
AUC:0.5008	AUPR:0.2834	Fmax:0.4394	Epoch:45
AUC:0.6312	AUPR:0.3777	Fmax:0.5361	Epoch:50
AUC:0.5007	AUPR:0.2485	Fmax:0.3731	Epoch:95
AUC:0.5635	AUPR:0.3909	Fmax:0.381	Epoch:45
AVG# AUC:0.5651	AUPR:0.329	Fmax:0.44
Configurations:
	root: ../data/
	graph: 2
	bs: 256
	lr: 0.001
	prior: 0.01
	emb_dim: 32
	lmbda: 2.0
	base_model: DistMult
	num_ng: 4
	wd: 0
	do: 0.2
	loss_type: pn
	scoring_fct_norm: 1
	kernel_size: 3
	convkb_drop_prob: 0.5
	out_channels: 32
	margin: 6.0
	epsilon: 2.0
	num_workers: 0
	max_epochs: 5000
	seed: 42
	gpu: 0
	valid_interval: 5
	verbose: 0
	tolerance: 20
N Entities:1638
N Relations:12
AUC:0.6439	AUPR:0.371	Fmax:0.4783	Epoch:75
AUC:0.5079	AUPR:0.3546	Fmax:0.4375	Epoch:65
AUC:0.6175	AUPR:0.3721	Fmax:0.4898	Epoch:30
AUC:0.4936	AUPR:0.2397	Fmax:0.3714	Epoch:70
AUC:0.5465	AUPR:0.289	Fmax:0.3929	Epoch:5
AVG# AUC:0.5619	AUPR:0.3253	Fmax:0.434
Configurations:
	root: ../data/
	graph: 2
	bs: 64
	lr: 0.001
	prior: 0.01
	emb_dim: 16
	lmbda: 2.0
	base_model: DistMult
	num_ng: 4
	wd: 0
	do: 0.2
	loss_type: pn
	scoring_fct_norm: 1
	kernel_size: 3
	convkb_drop_prob: 0.5
	out_channels: 32
	margin: 6.0
	epsilon: 2.0
	num_workers: 0
	max_epochs: 5000
	seed: 42
	gpu: 0
	valid_interval: 5
	verbose: 0
	tolerance: 20
N Entities:1638
N Relations:12
AUC:0.668	AUPR:0.4218	Fmax:0.4762	Epoch:30
AUC:0.5579	AUPR:0.3553	Fmax:0.4651	Epoch:0
AUC:0.6092	AUPR:0.3676	Fmax:0.5057	Epoch:85
AUC:0.5238	AUPR:0.2292	Fmax:0.4034	Epoch:5
AUC:0.4806	AUPR:0.2643	Fmax:0.3853	Epoch:55
AVG# AUC:0.5679	AUPR:0.3276	Fmax:0.4471
Configurations:
	root: ../data/
	graph: 2
	bs: 128
	lr: 0.001
	prior: 0.01
	emb_dim: 32
	lmbda: 1.0
	base_model: DistMult
	num_ng: 4
	wd: 0
	do: 0.2
	loss_type: pn
	scoring_fct_norm: 1
	kernel_size: 3
	convkb_drop_prob: 0.5
	out_channels: 32
	margin: 6.0
	epsilon: 2.0
	num_workers: 0
	max_epochs: 5000
	seed: 42
	gpu: 0
	valid_interval: 5
	verbose: 0
	tolerance: 20
N Entities:1638
N Relations:12
AUC:0.6162	AUPR:0.3268	Fmax:0.4752	Epoch:65
AUC:0.5408	AUPR:0.3504	Fmax:0.4565	Epoch:15
AUC:0.6596	AUPR:0.4253	Fmax:0.4954	Epoch:15
AUC:0.5412	AUPR:0.2905	Fmax:0.3846	Epoch:5
AUC:0.5959	AUPR:0.2481	Fmax:0.4444	Epoch:5
AVG# AUC:0.5907	AUPR:0.3282	Fmax:0.4512
Configurations:
	root: ../data/
	graph: 2
	bs: 256
	lr: 0.001
	prior: 0.01
	emb_dim: 64
	lmbda: 0.5
	base_model: DistMult
	num_ng: 4
	wd: 0
	do: 0.2
	loss_type: pn
	scoring_fct_norm: 1
	kernel_size: 3
	convkb_drop_prob: 0.5
	out_channels: 32
	margin: 6.0
	epsilon: 2.0
	num_workers: 0
	max_epochs: 5000
	seed: 42
	gpu: 0
	valid_interval: 5
	verbose: 0
	tolerance: 20
N Entities:1638
N Relations:12
AUC:0.693	AUPR:0.4251	Fmax:0.5333	Epoch:30
AUC:0.5358	AUPR:0.2975	Fmax:0.4536	Epoch:45
AUC:0.6138	AUPR:0.3704	Fmax:0.5047	Epoch:50
AUC:0.4833	AUPR:0.2557	Fmax:0.3759	Epoch:335
AUC:0.5833	AUPR:0.2898	Fmax:0.3902	Epoch:0
AVG# AUC:0.5818	AUPR:0.3277	Fmax:0.4515
Configurations:
	root: ../data/
	graph: 2
	bs: 128
	lr: 0.001
	prior: 0.01
	emb_dim: 32
	lmbda: 2.0
	base_model: DistMult
	num_ng: 4
	wd: 0
	do: 0.2
	loss_type: pn
	scoring_fct_norm: 1
	kernel_size: 3
	convkb_drop_prob: 0.5
	out_channels: 32
	margin: 6.0
	epsilon: 2.0
	num_workers: 0
	max_epochs: 5000
	seed: 42
	gpu: 0
	valid_interval: 5
	verbose: 0
	tolerance: 20
N Entities:1638
N Relations:12
AUC:0.639	AUPR:0.3172	Fmax:0.4865	Epoch:55
AUC:0.5658	AUPR:0.3827	Fmax:0.4444	Epoch:20
AUC:0.6183	AUPR:0.398	Fmax:0.5094	Epoch:40
AUC:0.4729	AUPR:0.2512	Fmax:0.3759	Epoch:25
AUC:0.5683	AUPR:0.2798	Fmax:0.381	Epoch:15
AVG# AUC:0.5729	AUPR:0.3258	Fmax:0.4394
Configurations:
	root: ../data/
	graph: 2
	bs: 64
	lr: 0.001
	prior: 0.01
	emb_dim: 32
	lmbda: 0.5
	base_model: DistMult
	num_ng: 4
	wd: 0
	do: 0.2
	loss_type: pn
	scoring_fct_norm: 1
	kernel_size: 3
	convkb_drop_prob: 0.5
	out_channels: 32
	margin: 6.0
	epsilon: 2.0
	num_workers: 0
	max_epochs: 5000
	seed: 42
	gpu: 0
	valid_interval: 5
	verbose: 0
	tolerance: 20
N Entities:1638
N Relations:12
AUC:0.5997	AUPR:0.3271	Fmax:0.46	Epoch:30
AUC:0.5367	AUPR:0.3162	Fmax:0.4444	Epoch:15
AUC:0.6017	AUPR:0.3567	Fmax:0.4944	Epoch:25
AUC:0.6028	AUPR:0.2868	Fmax:0.4375	Epoch:0
AUC:0.4903	AUPR:0.2375	Fmax:0.3607	Epoch:25
AVG# AUC:0.5662	AUPR:0.3049	Fmax:0.4394
Configurations:
	root: ../data/
	graph: 2
	bs: 256
	lr: 0.001
	prior: 0.01
	emb_dim: 64
	lmbda: 1.0
	base_model: DistMult
	num_ng: 4
	wd: 0
	do: 0.2
	loss_type: pn
	scoring_fct_norm: 1
	kernel_size: 3
	convkb_drop_prob: 0.5
	out_channels: 32
	margin: 6.0
	epsilon: 2.0
	num_workers: 0
	max_epochs: 5000
	seed: 42
	gpu: 0
	valid_interval: 5
	verbose: 0
	tolerance: 20
N Entities:1638
N Relations:12
AUC:0.6493	AUPR:0.4021	Fmax:0.4884	Epoch:95
AUC:0.4888	AUPR:0.2754	Fmax:0.4483	Epoch:85
AUC:0.6058	AUPR:0.3254	Fmax:0.4865	Epoch:30
AUC:0.5115	AUPR:0.2339	Fmax:0.3906	Epoch:5
AUC:0.5208	AUPR:0.2749	Fmax:0.381	Epoch:35
AVG# AUC:0.5552	AUPR:0.3023	Fmax:0.439
Configurations:
	root: ../data/
	graph: 2
	bs: 128
	lr: 0.001
	prior: 0.01
	emb_dim: 64
	lmbda: 0.5
	base_model: DistMult
	num_ng: 4
	wd: 0
	do: 0.2
	loss_type: pn
	scoring_fct_norm: 1
	kernel_size: 3
	convkb_drop_prob: 0.5
	out_channels: 32
	margin: 6.0
	epsilon: 2.0
	num_workers: 0
	max_epochs: 5000
	seed: 42
	gpu: 0
	valid_interval: 5
	verbose: 0
	tolerance: 20
N Entities:1638
N Relations:12
AUC:0.6983	AUPR:0.4566	Fmax:0.5246	Epoch:15
AUC:0.5162	AUPR:0.2931	Fmax:0.448	Epoch:35
AUC:0.6354	AUPR:0.3936	Fmax:0.5088	Epoch:65
AUC:0.5322	AUPR:0.2386	Fmax:0.4314	Epoch:10
AUC:0.5756	AUPR:0.2481	Fmax:0.4412	Epoch:10
AVG# AUC:0.5915	AUPR:0.326	Fmax:0.4708
Configurations:
	root: ../data/
	graph: 2
	bs: 64
	lr: 0.001
	prior: 0.01
	emb_dim: 32
	lmbda: 1.0
	base_model: DistMult
	num_ng: 4
	wd: 0
	do: 0.2
	loss_type: pn
	scoring_fct_norm: 1
	kernel_size: 3
	convkb_drop_prob: 0.5
	out_channels: 32
	margin: 6.0
	epsilon: 2.0
	num_workers: 0
	max_epochs: 5000
	seed: 42
	gpu: 0
	valid_interval: 5
	verbose: 0
	tolerance: 20
N Entities:1638
N Relations:12
AUC:0.6336	AUPR:0.3489	Fmax:0.4694	Epoch:45
AUC:0.4988	AUPR:0.2783	Fmax:0.4317	Epoch:30
AUC:0.6025	AUPR:0.3471	Fmax:0.52	Epoch:20
AUC:0.5238	AUPR:0.2769	Fmax:0.3802	Epoch:5
AUC:0.5359	AUPR:0.2547	Fmax:0.3664	Epoch:5
AVG# AUC:0.5589	AUPR:0.3012	Fmax:0.4335
Configurations:
	root: ../data/
	graph: 2
	bs: 256
	lr: 0.001
	prior: 0.01
	emb_dim: 64
	lmbda: 2.0
	base_model: DistMult
	num_ng: 4
	wd: 0
	do: 0.2
	loss_type: pn
	scoring_fct_norm: 1
	kernel_size: 3
	convkb_drop_prob: 0.5
	out_channels: 32
	margin: 6.0
	epsilon: 2.0
	num_workers: 0
	max_epochs: 5000
	seed: 42
	gpu: 0
	valid_interval: 5
	verbose: 0
	tolerance: 20
N Entities:1638
N Relations:12
AUC:0.6756	AUPR:0.4479	Fmax:0.5	Epoch:40
AUC:0.6438	AUPR:0.4579	Fmax:0.5	Epoch:0
AUC:0.605	AUPR:0.3425	Fmax:0.495	Epoch:85
AUC:0.4913	AUPR:0.267	Fmax:0.3788	Epoch:30
AUC:0.4884	AUPR:0.2261	Fmax:0.3692	Epoch:130
AVG# AUC:0.5808	AUPR:0.3483	Fmax:0.4486
Configurations:
	root: ../data/
	graph: 2
	bs: 64
	lr: 0.001
	prior: 0.01
	emb_dim: 32
	lmbda: 2.0
	base_model: DistMult
	num_ng: 4
	wd: 0
	do: 0.2
	loss_type: pn
	scoring_fct_norm: 1
	kernel_size: 3
	convkb_drop_prob: 0.5
	out_channels: 32
	margin: 6.0
	epsilon: 2.0
	num_workers: 0
	max_epochs: 5000
	seed: 42
	gpu: 0
	valid_interval: 5
	verbose: 0
	tolerance: 20
N Entities:1638
N Relations:12
AUC:0.6091	AUPR:0.4003	Fmax:0.437	Epoch:55
AUC:0.5367	AUPR:0.3222	Fmax:0.4516	Epoch:25
AUC:0.6292	AUPR:0.3864	Fmax:0.5094	Epoch:15
AUC:0.4706	AUPR:0.2204	Fmax:0.3759	Epoch:5
AUC:0.594	AUPR:0.2545	Fmax:0.4082	Epoch:0
AVG# AUC:0.5679	AUPR:0.3168	Fmax:0.4364
Configurations:
	root: ../data/
	graph: 2
	bs: 128
	lr: 0.001
	prior: 0.01
	emb_dim: 64
	lmbda: 1.0
	base_model: DistMult
	num_ng: 4
	wd: 0
	do: 0.2
	loss_type: pn
	scoring_fct_norm: 1
	kernel_size: 3
	convkb_drop_prob: 0.5
	out_channels: 32
	margin: 6.0
	epsilon: 2.0
	num_workers: 0
	max_epochs: 5000
	seed: 42
	gpu: 0
	valid_interval: 5
	verbose: 0
	tolerance: 20
N Entities:1638
N Relations:12
AUC:0.6747	AUPR:0.4338	Fmax:0.4941	Epoch:40
AUC:0.5167	AUPR:0.3011	Fmax:0.4466	Epoch:35
AUC:0.6221	AUPR:0.3663	Fmax:0.4957	Epoch:60
AUC:0.5092	AUPR:0.2462	Fmax:0.3826	Epoch:20
AUC:0.4932	AUPR:0.2355	Fmax:0.3725	Epoch:75
AVG# AUC:0.5632	AUPR:0.3166	Fmax:0.4383
Configurations:
	root: ../data/
	graph: 2
	bs: 128
	lr: 0.001
	prior: 0.01
	emb_dim: 64
	lmbda: 2.0
	base_model: DistMult
	num_ng: 4
	wd: 0
	do: 0.2
	loss_type: pn
	scoring_fct_norm: 1
	kernel_size: 3
	convkb_drop_prob: 0.5
	out_channels: 32
	margin: 6.0
	epsilon: 2.0
	num_workers: 0
	max_epochs: 5000
	seed: 42
	gpu: 0
	valid_interval: 5
	verbose: 0
	tolerance: 20
N Entities:1638
N Relations:12
AUC:0.6992	AUPR:0.3974	Fmax:0.5432	Epoch:30
AUC:0.5283	AUPR:0.3029	Fmax:0.4423	Epoch:45
AUC:0.6075	AUPR:0.3236	Fmax:0.4957	Epoch:35
AUC:0.5873	AUPR:0.2714	Fmax:0.4225	Epoch:15
AUC:0.5174	AUPR:0.2715	Fmax:0.4	Epoch:20
AVG# AUC:0.5879	AUPR:0.3134	Fmax:0.4607
Configurations:
	root: ../data/
	graph: 2
	bs: 64
	lr: 0.001
	prior: 0.01
	emb_dim: 64
	lmbda: 0.5
	base_model: DistMult
	num_ng: 4
	wd: 0
	do: 0.2
	loss_type: pn
	scoring_fct_norm: 1
	kernel_size: 3
	convkb_drop_prob: 0.5
	out_channels: 32
	margin: 6.0
	epsilon: 2.0
	num_workers: 0
	max_epochs: 5000
	seed: 42
	gpu: 0
	valid_interval: 5
	verbose: 0
	tolerance: 20
N Entities:1638
N Relations:12
AUC:0.6386	AUPR:0.3555	Fmax:0.4675	Epoch:30
AUC:0.5758	AUPR:0.3889	Fmax:0.48	Epoch:0
AUC:0.5825	AUPR:0.3281	Fmax:0.4815	Epoch:20
AUC:0.4969	AUPR:0.2663	Fmax:0.4034	Epoch:5
AUC:0.5349	AUPR:0.2866	Fmax:0.3774	Epoch:10
AVG# AUC:0.5657	AUPR:0.3251	Fmax:0.442
Configurations:
	root: ../data/
	graph: 2
	bs: 64
	lr: 0.001
	prior: 0.01
	emb_dim: 64
	lmbda: 1.0
	base_model: DistMult
	num_ng: 4
	wd: 0
	do: 0.2
	loss_type: pn
	scoring_fct_norm: 1
	kernel_size: 3
	convkb_drop_prob: 0.5
	out_channels: 32
	margin: 6.0
	epsilon: 2.0
	num_workers: 0
	max_epochs: 5000
	seed: 42
	gpu: 0
	valid_interval: 5
	verbose: 0
	tolerance: 20
N Entities:1638
N Relations:12
AUC:0.6751	AUPR:0.4052	Fmax:0.5	Epoch:15
AUC:0.4996	AUPR:0.2664	Fmax:0.4444	Epoch:15
AUC:0.6275	AUPR:0.3786	Fmax:0.4786	Epoch:10
AUC:0.5854	AUPR:0.3056	Fmax:0.4068	Epoch:0
AUC:0.6134	AUPR:0.2833	Fmax:0.4396	Epoch:0
AVG# AUC:0.6002	AUPR:0.3278	Fmax:0.4539
Configurations:
	root: ../data/
	graph: 2
	bs: 64
	lr: 0.001
	prior: 0.01
	emb_dim: 64
	lmbda: 2.0
	base_model: DistMult
	num_ng: 4
	wd: 0
	do: 0.2
	loss_type: pn
	scoring_fct_norm: 1
	kernel_size: 3
	convkb_drop_prob: 0.5
	out_channels: 32
	margin: 6.0
	epsilon: 2.0
	num_workers: 0
	max_epochs: 5000
	seed: 42
	gpu: 0
	valid_interval: 5
	verbose: 0
	tolerance: 20
N Entities:1638
N Relations:12
AUC:0.6113	AUPR:0.315	Fmax:0.4646	Epoch:30
AUC:0.5096	AUPR:0.2725	Fmax:0.4444	Epoch:20
AUC:0.6275	AUPR:0.3615	Fmax:0.5	Epoch:15
AUC:0.5275	AUPR:0.2823	Fmax:0.3817	Epoch:15
AUC:0.5392	AUPR:0.3237	Fmax:0.3761	Epoch:0
AVG# AUC:0.563	AUPR:0.311	Fmax:0.4334
