nohup: ignoring input
Configurations:
	root: ../data/
	graph: 1
	bs: 64
	lr: 0.01
	prior: 0.01
	emb_dim: 16
	lmbda: 0.5
	base_model: RotatE
	num_ng: 4
	wd: 0
	do: 0.2
	loss_type: pn
	scoring_fct_norm: 1
	kernel_size: 3
	convkb_drop_prob: 0.5
	out_channels: 32
	margin: 6.0
	epsilon: 2.0
	num_workers: 0
	max_epochs: 5000
	seed: 42
	gpu: 0
	valid_interval: 5
	verbose: 0
	tolerance: 20
N Entities:1638
N Relations:12
AUC:0.6519	AUPR:0.3692	Fmax:0.4935	Epoch:20
AUC:0.5758	AUPR:0.3202	Fmax:0.458	Epoch:25
AUC:0.4733	AUPR:0.3202	Fmax:0.4317	Epoch:0
AUC:0.5346	AUPR:0.3245	Fmax:0.3902	Epoch:0
AUC:0.5591	AUPR:0.2955	Fmax:0.384	Epoch:50
AVG# AUC:0.5589	AUPR:0.3259	Fmax:0.4315
Configurations:
	root: ../data/
	graph: 1
	bs: 64
	lr: 0.01
	prior: 0.01
	emb_dim: 16
	lmbda: 1.0
	base_model: RotatE
	num_ng: 4
	wd: 0
	do: 0.2
	loss_type: pn
	scoring_fct_norm: 1
	kernel_size: 3
	convkb_drop_prob: 0.5
	out_channels: 32
	margin: 6.0
	epsilon: 2.0
	num_workers: 0
	max_epochs: 5000
	seed: 42
	gpu: 0
	valid_interval: 5
	verbose: 0
	tolerance: 20
N Entities:1638
N Relations:12
AUC:0.4757	AUPR:0.2311	Fmax:0.403	Epoch:10
AUC:0.5583	AUPR:0.3778	Fmax:0.464	Epoch:0
AUC:0.4612	AUPR:0.2529	Fmax:0.4317	Epoch:10
AUC:0.5948	AUPR:0.2759	Fmax:0.475	Epoch:0
AUC:0.4748	AUPR:0.2368	Fmax:0.375	Epoch:0
AVG# AUC:0.513	AUPR:0.2749	Fmax:0.4297
Configurations:
	root: ../data/
	graph: 1
	bs: 64
	lr: 0.01
	prior: 0.01
	emb_dim: 16
	lmbda: 2.0
	base_model: RotatE
	num_ng: 4
	wd: 0
	do: 0.2
	loss_type: pn
	scoring_fct_norm: 1
	kernel_size: 3
	convkb_drop_prob: 0.5
	out_channels: 32
	margin: 6.0
	epsilon: 2.0
	num_workers: 0
	max_epochs: 5000
	seed: 42
	gpu: 0
	valid_interval: 5
	verbose: 0
	tolerance: 20
N Entities:1638
N Relations:12
AUC:0.577	AUPR:0.3207	Fmax:0.4211	Epoch:195
AUC:0.5612	AUPR:0.3642	Fmax:0.4651	Epoch:205
AUC:0.4888	AUPR:0.2802	Fmax:0.4412	Epoch:0
AUC:0.5892	AUPR:0.3073	Fmax:0.4359	Epoch:265
AUC:0.5048	AUPR:0.2587	Fmax:0.3582	Epoch:0
AVG# AUC:0.5442	AUPR:0.3062	Fmax:0.4243
Configurations:
	root: ../data/
	graph: 1
	bs: 64
	lr: 0.01
	prior: 0.01
	emb_dim: 32
	lmbda: 0.5
	base_model: RotatE
	num_ng: 4
	wd: 0
	do: 0.2
	loss_type: pn
	scoring_fct_norm: 1
	kernel_size: 3
	convkb_drop_prob: 0.5
	out_channels: 32
	margin: 6.0
	epsilon: 2.0
	num_workers: 0
	max_epochs: 5000
	seed: 42
	gpu: 0
	valid_interval: 5
	verbose: 0
	tolerance: 20
N Entities:1638
N Relations:12
AUC:0.6176	AUPR:0.3509	Fmax:0.459	Epoch:5
AUC:0.5858	AUPR:0.3351	Fmax:0.4828	Epoch:60
AUC:0.5192	AUPR:0.2964	Fmax:0.4706	Epoch:10
AUC:0.56	AUPR:0.2514	Fmax:0.4211	Epoch:75
AUC:0.5242	AUPR:0.2685	Fmax:0.3662	Epoch:75
AVG# AUC:0.5614	AUPR:0.3005	Fmax:0.4399
Configurations:
	root: ../data/
	graph: 1
	bs: 64
	lr: 0.01
	prior: 0.01
	emb_dim: 32
	lmbda: 1.0
	base_model: RotatE
	num_ng: 4
	wd: 0
	do: 0.2
	loss_type: pn
	scoring_fct_norm: 1
	kernel_size: 3
	convkb_drop_prob: 0.5
	out_channels: 32
	margin: 6.0
	epsilon: 2.0
	num_workers: 0
	max_epochs: 5000
	seed: 42
	gpu: 0
	valid_interval: 5
	verbose: 0
	tolerance: 20
N Entities:1638
N Relations:12
AUC:0.5654	AUPR:0.2685	Fmax:0.4646	Epoch:0
AUC:0.6287	AUPR:0.3741	Fmax:0.4828	Epoch:0
AUC:0.4788	AUPR:0.2675	Fmax:0.458	Epoch:5
AUC:0.5892	AUPR:0.2624	Fmax:0.4583	Epoch:190
AUC:0.5078	AUPR:0.2699	Fmax:0.3651	Epoch:35
AVG# AUC:0.554	AUPR:0.2885	Fmax:0.4458
Configurations:
	root: ../data/
	graph: 1
	bs: 64
	lr: 0.01
	prior: 0.01
	emb_dim: 32
	lmbda: 2.0
	base_model: RotatE
	num_ng: 4
	wd: 0
	do: 0.2
	loss_type: pn
	scoring_fct_norm: 1
	kernel_size: 3
	convkb_drop_prob: 0.5
	out_channels: 32
	margin: 6.0
	epsilon: 2.0
	num_workers: 0
	max_epochs: 5000
	seed: 42
	gpu: 0
	valid_interval: 5
	verbose: 0
	tolerance: 20
N Entities:1638
N Relations:12
AUC:0.5493	AUPR:0.282	Fmax:0.4154	Epoch:5
AUC:0.5825	AUPR:0.346	Fmax:0.463	Epoch:40
AUC:0.5354	AUPR:0.2962	Fmax:0.4719	Epoch:65
AUC:0.552	AUPR:0.2512	Fmax:0.4198	Epoch:20
AUC:0.5455	AUPR:0.2954	Fmax:0.381	Epoch:20
AVG# AUC:0.5529	AUPR:0.2942	Fmax:0.4302
Configurations:
	root: ../data/
	graph: 1
	bs: 64
	lr: 0.01
	prior: 0.01
	emb_dim: 64
	lmbda: 0.5
	base_model: RotatE
	num_ng: 4
	wd: 0
	do: 0.2
	loss_type: pn
	scoring_fct_norm: 1
	kernel_size: 3
	convkb_drop_prob: 0.5
	out_channels: 32
	margin: 6.0
	epsilon: 2.0
	num_workers: 0
	max_epochs: 5000
	seed: 42
	gpu: 0
	valid_interval: 5
	verbose: 0
	tolerance: 20
N Entities:1638
N Relations:12
AUC:0.5859	AUPR:0.2967	Fmax:0.4425	Epoch:170
AUC:0.6525	AUPR:0.3866	Fmax:0.5393	Epoch:35
AUC:0.5129	AUPR:0.2885	Fmax:0.4646	Epoch:15
AUC:0.5892	AUPR:0.3097	Fmax:0.4267	Epoch:290
AUC:0.5518	AUPR:0.2391	Fmax:0.42	Epoch:70
AVG# AUC:0.5785	AUPR:0.3041	Fmax:0.4586
Configurations:
	root: ../data/
	graph: 1
	bs: 64
	lr: 0.01
	prior: 0.01
	emb_dim: 64
	lmbda: 1.0
	base_model: RotatE
	num_ng: 4
	wd: 0
	do: 0.2
	loss_type: pn
	scoring_fct_norm: 1
	kernel_size: 3
	convkb_drop_prob: 0.5
	out_channels: 32
	margin: 6.0
	epsilon: 2.0
	num_workers: 0
	max_epochs: 5000
	seed: 42
	gpu: 0
	valid_interval: 5
	verbose: 0
	tolerance: 20
N Entities:1638
N Relations:12
AUC:0.5828	AUPR:0.3591	Fmax:0.4267	Epoch:50
AUC:0.5704	AUPR:0.2965	Fmax:0.4752	Epoch:20
AUC:0.5888	AUPR:0.3933	Fmax:0.4643	Epoch:100
AUC:0.5544	AUPR:0.2968	Fmax:0.4118	Epoch:50
AUC:0.5887	AUPR:0.2615	Fmax:0.4068	Epoch:50
AVG# AUC:0.577	AUPR:0.3214	Fmax:0.437
Configurations:
	root: ../data/
	graph: 1
	bs: 64
	lr: 0.01
	prior: 0.01
	emb_dim: 64
	lmbda: 2.0
	base_model: RotatE
	num_ng: 4
	wd: 0
	do: 0.2
	loss_type: pn
	scoring_fct_norm: 1
	kernel_size: 3
	convkb_drop_prob: 0.5
	out_channels: 32
	margin: 6.0
	epsilon: 2.0
	num_workers: 0
	max_epochs: 5000
	seed: 42
	gpu: 0
	valid_interval: 5
	verbose: 0
	tolerance: 20
N Entities:1638
N Relations:12
AUC:0.6149	AUPR:0.4096	Fmax:0.4494	Epoch:170
AUC:0.5854	AUPR:0.3866	Fmax:0.4727	Epoch:20
AUC:0.5633	AUPR:0.326	Fmax:0.4571	Epoch:40
AUC:0.5991	AUPR:0.2771	Fmax:0.431	Epoch:25
AUC:0.5828	AUPR:0.2501	Fmax:0.4176	Epoch:205
AVG# AUC:0.5891	AUPR:0.3299	Fmax:0.4456
Configurations:
	root: ../data/
	graph: 1
	bs: 64
	lr: 0.005
	prior: 0.01
	emb_dim: 16
	lmbda: 0.5
	base_model: RotatE
	num_ng: 4
	wd: 0
	do: 0.2
	loss_type: pn
	scoring_fct_norm: 1
	kernel_size: 3
	convkb_drop_prob: 0.5
	out_channels: 32
	margin: 6.0
	epsilon: 2.0
	num_workers: 0
	max_epochs: 5000
	seed: 42
	gpu: 0
	valid_interval: 5
	verbose: 0
	tolerance: 20
N Entities:1638
N Relations:12
AUC:0.5622	AUPR:0.2948	Fmax:0.4068	Epoch:0
AUC:0.5421	AUPR:0.2921	Fmax:0.4531	Epoch:15
AUC:0.5362	AUPR:0.3027	Fmax:0.4516	Epoch:25
AUC:0.5308	AUPR:0.2446	Fmax:0.4	Epoch:240
AUC:0.468	AUPR:0.2144	Fmax:0.3966	Epoch:75
AVG# AUC:0.5279	AUPR:0.2697	Fmax:0.4216
Configurations:
	root: ../data/
	graph: 1
	bs: 64
	lr: 0.005
	prior: 0.01
	emb_dim: 16
	lmbda: 1.0
	base_model: RotatE
	num_ng: 4
	wd: 0
	do: 0.2
	loss_type: pn
	scoring_fct_norm: 1
	kernel_size: 3
	convkb_drop_prob: 0.5
	out_channels: 32
	margin: 6.0
	epsilon: 2.0
	num_workers: 0
	max_epochs: 5000
	seed: 42
	gpu: 0
	valid_interval: 5
	verbose: 0
	tolerance: 20
N Entities:1638
N Relations:12
AUC:0.5564	AUPR:0.3663	Fmax:0.4	Epoch:25
AUC:0.5629	AUPR:0.4045	Fmax:0.4427	Epoch:30
AUC:0.5221	AUPR:0.2748	Fmax:0.459	Epoch:20
AUC:0.6607	AUPR:0.3413	Fmax:0.4615	Epoch:90
AUC:0.5048	AUPR:0.2204	Fmax:0.383	Epoch:0
AVG# AUC:0.5614	AUPR:0.3215	Fmax:0.4292
Configurations:
	root: ../data/
	graph: 1
	bs: 64
	lr: 0.005
	prior: 0.01
	emb_dim: 16
	lmbda: 2.0
	base_model: RotatE
	num_ng: 4
	wd: 0
	do: 0.2
	loss_type: pn
	scoring_fct_norm: 1
	kernel_size: 3
	convkb_drop_prob: 0.5
	out_channels: 32
	margin: 6.0
	epsilon: 2.0
	num_workers: 0
	max_epochs: 5000
	seed: 42
	gpu: 0
	valid_interval: 5
	verbose: 0
	tolerance: 20
N Entities:1638
N Relations:12
AUC:0.5627	AUPR:0.2853	Fmax:0.4259	Epoch:15
AUC:0.5517	AUPR:0.3354	Fmax:0.4427	Epoch:375
AUC:0.6283	AUPR:0.3996	Fmax:0.5135	Epoch:15
AUC:0.5256	AUPR:0.2289	Fmax:0.4318	Epoch:5
AUC:0.5116	AUPR:0.3247	Fmax:0.3582	Epoch:0
AVG# AUC:0.556	AUPR:0.3148	Fmax:0.4344
Configurations:
	root: ../data/
	graph: 1
	bs: 64
	lr: 0.005
	prior: 0.01
	emb_dim: 32
	lmbda: 0.5
	base_model: RotatE
	num_ng: 4
	wd: 0
	do: 0.2
	loss_type: pn
	scoring_fct_norm: 1
	kernel_size: 3
	convkb_drop_prob: 0.5
	out_channels: 32
	margin: 6.0
	epsilon: 2.0
	num_workers: 0
	max_epochs: 5000
	seed: 42
	gpu: 0
	valid_interval: 5
	verbose: 0
	tolerance: 20
N Entities:1638
N Relations:12
AUC:0.4685	AUPR:0.2387	Fmax:0.4	Epoch:25
AUC:0.5396	AUPR:0.3353	Fmax:0.4348	Epoch:40
AUC:0.5683	AUPR:0.3422	Fmax:0.4906	Epoch:25
AUC:0.5341	AUPR:0.2318	Fmax:0.422	Epoch:185
AUC:0.6061	AUPR:0.3398	Fmax:0.4118	Epoch:0
AVG# AUC:0.5433	AUPR:0.2976	Fmax:0.4318
Configurations:
	root: ../data/
	graph: 1
	bs: 64
	lr: 0.005
	prior: 0.01
	emb_dim: 32
	lmbda: 1.0
	base_model: RotatE
	num_ng: 4
	wd: 0
	do: 0.2
	loss_type: pn
	scoring_fct_norm: 1
	kernel_size: 3
	convkb_drop_prob: 0.5
	out_channels: 32
	margin: 6.0
	epsilon: 2.0
	num_workers: 0
	max_epochs: 5000
	seed: 42
	gpu: 0
	valid_interval: 5
	verbose: 0
	tolerance: 20
N Entities:1638
N Relations:12
AUC:0.4681	AUPR:0.2333	Fmax:0.406	Epoch:10
AUC:0.5092	AUPR:0.341	Fmax:0.4317	Epoch:0
AUC:0.5475	AUPR:0.3233	Fmax:0.4651	Epoch:15
AUC:0.5031	AUPR:0.2513	Fmax:0.3871	Epoch:0
AUC:0.5732	AUPR:0.2991	Fmax:0.4	Epoch:0
AVG# AUC:0.5202	AUPR:0.2896	Fmax:0.418
Configurations:
	root: ../data/
	graph: 1
	bs: 64
	lr: 0.005
	prior: 0.01
	emb_dim: 32
	lmbda: 2.0
	base_model: RotatE
	num_ng: 4
	wd: 0
	do: 0.2
	loss_type: pn
	scoring_fct_norm: 1
	kernel_size: 3
	convkb_drop_prob: 0.5
	out_channels: 32
	margin: 6.0
	epsilon: 2.0
	num_workers: 0
	max_epochs: 5000
	seed: 42
	gpu: 0
	valid_interval: 5
	verbose: 0
	tolerance: 20
N Entities:1638
N Relations:12
AUC:0.5466	AUPR:0.2996	Fmax:0.4146	Epoch:20
AUC:0.5908	AUPR:0.3963	Fmax:0.4603	Epoch:0
AUC:0.5783	AUPR:0.364	Fmax:0.4706	Epoch:5
AUC:0.5468	AUPR:0.2445	Fmax:0.4035	Epoch:140
AUC:0.5068	AUPR:0.2516	Fmax:0.384	Epoch:85
AVG# AUC:0.5539	AUPR:0.3112	Fmax:0.4266
Configurations:
	root: ../data/
	graph: 1
	bs: 64
	lr: 0.005
	prior: 0.01
	emb_dim: 64
	lmbda: 0.5
	base_model: RotatE
	num_ng: 4
	wd: 0
	do: 0.2
	loss_type: pn
	scoring_fct_norm: 1
	kernel_size: 3
	convkb_drop_prob: 0.5
	out_channels: 32
	margin: 6.0
	epsilon: 2.0
	num_workers: 0
	max_epochs: 5000
	seed: 42
	gpu: 0
	valid_interval: 5
	verbose: 0
	tolerance: 20
N Entities:1638
N Relations:12
AUC:0.5712	AUPR:0.2765	Fmax:0.4364	Epoch:0
AUC:0.5738	AUPR:0.3052	Fmax:0.4643	Epoch:0
AUC:0.5696	AUPR:0.3232	Fmax:0.4667	Epoch:0
AUC:0.5864	AUPR:0.262	Fmax:0.4421	Epoch:155
AUC:0.5451	AUPR:0.2617	Fmax:0.378	Epoch:0
AVG# AUC:0.5692	AUPR:0.2857	Fmax:0.4375
Configurations:
	root: ../data/
	graph: 1
	bs: 64
	lr: 0.005
	prior: 0.01
	emb_dim: 64
	lmbda: 1.0
	base_model: RotatE
	num_ng: 4
	wd: 0
	do: 0.2
	loss_type: pn
	scoring_fct_norm: 1
	kernel_size: 3
	convkb_drop_prob: 0.5
	out_channels: 32
	margin: 6.0
	epsilon: 2.0
	num_workers: 0
	max_epochs: 5000
	seed: 42
	gpu: 0
	valid_interval: 5
	verbose: 0
	tolerance: 20
N Entities:1638
N Relations:12
AUC:0.5716	AUPR:0.3133	Fmax:0.4182	Epoch:0
AUC:0.5683	AUPR:0.3087	Fmax:0.4651	Epoch:0
AUC:0.52	AUPR:0.3383	Fmax:0.4567	Epoch:5
AUC:0.6047	AUPR:0.2791	Fmax:0.427	Epoch:445
AUC:0.5087	AUPR:0.2235	Fmax:0.3866	Epoch:0
AVG# AUC:0.5547	AUPR:0.2926	Fmax:0.4307
Configurations:
	root: ../data/
	graph: 1
	bs: 64
	lr: 0.005
	prior: 0.01
	emb_dim: 64
	lmbda: 2.0
	base_model: RotatE
	num_ng: 4
	wd: 0
	do: 0.2
	loss_type: pn
	scoring_fct_norm: 1
	kernel_size: 3
	convkb_drop_prob: 0.5
	out_channels: 32
	margin: 6.0
	epsilon: 2.0
	num_workers: 0
	max_epochs: 5000
	seed: 42
	gpu: 0
	valid_interval: 5
	verbose: 0
	tolerance: 20
N Entities:1638
N Relations:12
AUC:0.5266	AUPR:0.2498	Fmax:0.4602	Epoch:0
AUC:0.6046	AUPR:0.3294	Fmax:0.4835	Epoch:60
AUC:0.5567	AUPR:0.355	Fmax:0.4545	Epoch:5
AUC:0.5741	AUPR:0.2675	Fmax:0.4156	Epoch:30
AUC:0.5097	AUPR:0.2668	Fmax:0.4174	Epoch:10
AVG# AUC:0.5543	AUPR:0.2937	Fmax:0.4462
Configurations:
	root: ../data/
	graph: 1
	bs: 64
	lr: 0.001
	prior: 0.01
	emb_dim: 16
	lmbda: 0.5
	base_model: RotatE
	num_ng: 4
	wd: 0
	do: 0.2
	loss_type: pn
	scoring_fct_norm: 1
	kernel_size: 3
	convkb_drop_prob: 0.5
	out_channels: 32
	margin: 6.0
	epsilon: 2.0
	num_workers: 0
	max_epochs: 5000
	seed: 42
	gpu: 0
	valid_interval: 5
	verbose: 0
	tolerance: 20
N Entities:1638
N Relations:12
AUC:0.5761	AUPR:0.3478	Fmax:0.4096	Epoch:105
AUC:0.5608	AUPR:0.31	Fmax:0.4576	Epoch:160
AUC:0.5346	AUPR:0.3203	Fmax:0.458	Epoch:150
AUC:0.5548	AUPR:0.3075	Fmax:0.4078	Epoch:260
AUC:0.4438	AUPR:0.2493	Fmax:0.3609	Epoch:0
AVG# AUC:0.534	AUPR:0.307	Fmax:0.4188
Configurations:
	root: ../data/
	graph: 1
	bs: 64
	lr: 0.001
	prior: 0.01
	emb_dim: 16
	lmbda: 1.0
	base_model: RotatE
	num_ng: 4
	wd: 0
	do: 0.2
	loss_type: pn
	scoring_fct_norm: 1
	kernel_size: 3
	convkb_drop_prob: 0.5
	out_channels: 32
	margin: 6.0
	epsilon: 2.0
	num_workers: 0
	max_epochs: 5000
	seed: 42
	gpu: 0
	valid_interval: 5
	verbose: 0
	tolerance: 20
N Entities:1638
N Relations:12
AUC:0.4351	AUPR:0.2338	Fmax:0.3971	Epoch:295
AUC:0.5425	AUPR:0.3226	Fmax:0.45	Epoch:180
AUC:0.5129	AUPR:0.352	Fmax:0.4478	Epoch:115
AUC:0.5341	AUPR:0.3002	Fmax:0.4182	Epoch:535
AUC:0.4729	AUPR:0.2309	Fmax:0.3609	Epoch:430
AVG# AUC:0.4995	AUPR:0.2879	Fmax:0.4148
Configurations:
	root: ../data/
	graph: 1
	bs: 64
	lr: 0.001
	prior: 0.01
	emb_dim: 16
	lmbda: 2.0
	base_model: RotatE
	num_ng: 4
	wd: 0
	do: 0.2
	loss_type: pn
	scoring_fct_norm: 1
	kernel_size: 3
	convkb_drop_prob: 0.5
	out_channels: 32
	margin: 6.0
	epsilon: 2.0
	num_workers: 0
	max_epochs: 5000
	seed: 42
	gpu: 0
	valid_interval: 5
	verbose: 0
	tolerance: 20
N Entities:1638
N Relations:12
AUC:0.4699	AUPR:0.2812	Fmax:0.3971	Epoch:0
AUC:0.61	AUPR:0.4407	Fmax:0.4793	Epoch:15
AUC:0.5167	AUPR:0.3012	Fmax:0.4412	Epoch:215
AUC:0.4715	AUPR:0.2378	Fmax:0.3731	Epoch:0
AUC:0.6202	AUPR:0.2878	Fmax:0.4533	Epoch:40
AVG# AUC:0.5377	AUPR:0.3097	Fmax:0.4288
Configurations:
	root: ../data/
	graph: 1
	bs: 64
	lr: 0.001
	prior: 0.01
	emb_dim: 32
	lmbda: 0.5
	base_model: RotatE
	num_ng: 4
	wd: 0
	do: 0.2
	loss_type: pn
	scoring_fct_norm: 1
	kernel_size: 3
	convkb_drop_prob: 0.5
	out_channels: 32
	margin: 6.0
	epsilon: 2.0
	num_workers: 0
	max_epochs: 5000
	seed: 42
	gpu: 0
	valid_interval: 5
	verbose: 0
	tolerance: 20
N Entities:1638
N Relations:12
AUC:0.5288	AUPR:0.2877	Fmax:0.4219	Epoch:75
AUC:0.5246	AUPR:0.2815	Fmax:0.4486	Epoch:35
AUC:0.61	AUPR:0.4111	Fmax:0.4874	Epoch:35
AUC:0.4715	AUPR:0.2242	Fmax:0.3731	Epoch:280
AUC:0.3614	AUPR:0.1748	Fmax:0.3636	Epoch:0
AVG# AUC:0.4993	AUPR:0.2759	Fmax:0.4189
Configurations:
	root: ../data/
	graph: 1
	bs: 64
	lr: 0.001
	prior: 0.01
	emb_dim: 32
	lmbda: 1.0
	base_model: RotatE
	num_ng: 4
	wd: 0
	do: 0.2
	loss_type: pn
	scoring_fct_norm: 1
	kernel_size: 3
	convkb_drop_prob: 0.5
	out_channels: 32
	margin: 6.0
	epsilon: 2.0
	num_workers: 0
	max_epochs: 5000
	seed: 42
	gpu: 0
	valid_interval: 5
	verbose: 0
	tolerance: 20
N Entities:1638
N Relations:12
AUC:0.4752	AUPR:0.2291	Fmax:0.4091	Epoch:70
AUC:0.5492	AUPR:0.3152	Fmax:0.4444	Epoch:50
AUC:0.5188	AUPR:0.2888	Fmax:0.45	Epoch:50
AUC:0.5407	AUPR:0.3138	Fmax:0.3846	Epoch:10
AUC:0.5441	AUPR:0.2458	Fmax:0.4071	Epoch:0
AVG# AUC:0.5256	AUPR:0.2785	Fmax:0.419
Configurations:
	root: ../data/
	graph: 1
	bs: 64
	lr: 0.001
	prior: 0.01
	emb_dim: 32
	lmbda: 2.0
	base_model: RotatE
	num_ng: 4
	wd: 0
	do: 0.2
	loss_type: pn
	scoring_fct_norm: 1
	kernel_size: 3
	convkb_drop_prob: 0.5
	out_channels: 32
	margin: 6.0
	epsilon: 2.0
	num_workers: 0
	max_epochs: 5000
	seed: 42
	gpu: 0
	valid_interval: 5
	verbose: 0
	tolerance: 20
N Entities:1638
N Relations:12
AUC:0.5605	AUPR:0.2736	Fmax:0.434	Epoch:65
AUC:0.4996	AUPR:0.3037	Fmax:0.4348	Epoch:65
AUC:0.5396	AUPR:0.3762	Fmax:0.448	Epoch:55
AUC:0.5289	AUPR:0.2452	Fmax:0.3906	Epoch:15
AUC:0.5373	AUPR:0.2418	Fmax:0.3793	Epoch:0
AVG# AUC:0.5332	AUPR:0.2881	Fmax:0.4173
Configurations:
	root: ../data/
	graph: 1
	bs: 64
	lr: 0.001
	prior: 0.01
	emb_dim: 64
	lmbda: 0.5
	base_model: RotatE
	num_ng: 4
	wd: 0
	do: 0.2
	loss_type: pn
	scoring_fct_norm: 1
	kernel_size: 3
	convkb_drop_prob: 0.5
	out_channels: 32
	margin: 6.0
	epsilon: 2.0
	num_workers: 0
	max_epochs: 5000
	seed: 42
	gpu: 0
	valid_interval: 5
	verbose: 0
	tolerance: 20
N Entities:1638
N Relations:12
AUC:0.5707	AUPR:0.341	Fmax:0.432	Epoch:40
AUC:0.5196	AUPR:0.293	Fmax:0.4511	Epoch:100
AUC:0.5438	AUPR:0.2816	Fmax:0.4878	Epoch:15
AUC:0.5096	AUPR:0.2328	Fmax:0.3838	Epoch:0
AUC:0.5078	AUPR:0.2238	Fmax:0.368	Epoch:5
AVG# AUC:0.5303	AUPR:0.2744	Fmax:0.4245
Configurations:
	root: ../data/
	graph: 1
	bs: 64
	lr: 0.001
	prior: 0.01
	emb_dim: 64
	lmbda: 1.0
	base_model: RotatE
	num_ng: 4
	wd: 0
	do: 0.2
	loss_type: pn
	scoring_fct_norm: 1
	kernel_size: 3
	convkb_drop_prob: 0.5
	out_channels: 32
	margin: 6.0
	epsilon: 2.0
	num_workers: 0
	max_epochs: 5000
	seed: 42
	gpu: 0
	valid_interval: 5
	verbose: 0
	tolerance: 20
N Entities:1638
N Relations:12
AUC:0.6037	AUPR:0.321	Fmax:0.4706	Epoch:40
AUC:0.5692	AUPR:0.323	Fmax:0.4462	Epoch:0
AUC:0.6238	AUPR:0.4005	Fmax:0.4898	Epoch:10
AUC:0.5553	AUPR:0.2984	Fmax:0.4	Epoch:5
AUC:0.516	AUPR:0.3001	Fmax:0.3736	Epoch:5
AVG# AUC:0.5736	AUPR:0.3286	Fmax:0.436
Configurations:
	root: ../data/
	graph: 1
	bs: 64
	lr: 0.001
	prior: 0.01
	emb_dim: 64
	lmbda: 2.0
	base_model: RotatE
	num_ng: 4
	wd: 0
	do: 0.2
	loss_type: pn
	scoring_fct_norm: 1
	kernel_size: 3
	convkb_drop_prob: 0.5
	out_channels: 32
	margin: 6.0
	epsilon: 2.0
	num_workers: 0
	max_epochs: 5000
	seed: 42
	gpu: 0
	valid_interval: 5
	verbose: 0
	tolerance: 20
N Entities:1638
N Relations:12
AUC:0.6198	AUPR:0.3571	Fmax:0.4516	Epoch:0
AUC:0.6587	AUPR:0.405	Fmax:0.5347	Epoch:0
AUC:0.5008	AUPR:0.2944	Fmax:0.4651	Epoch:40
AUC:0.4885	AUPR:0.2401	Fmax:0.3898	Epoch:15
AUC:0.4453	AUPR:0.2288	Fmax:0.3697	Epoch:5
AVG# AUC:0.5426	AUPR:0.3051	Fmax:0.4422
Configurations:
	root: ../data/
	graph: 1
	bs: 128
	lr: 0.01
	prior: 0.01
	emb_dim: 16
	lmbda: 0.5
	base_model: RotatE
	num_ng: 4
	wd: 0
	do: 0.2
	loss_type: pn
	scoring_fct_norm: 1
	kernel_size: 3
	convkb_drop_prob: 0.5
	out_channels: 32
	margin: 6.0
	epsilon: 2.0
	num_workers: 0
	max_epochs: 5000
	seed: 42
	gpu: 0
	valid_interval: 5
	verbose: 0
	tolerance: 20
N Entities:1638
N Relations:12
AUC:0.6435	AUPR:0.3634	Fmax:0.5057	Epoch:15
AUC:0.5838	AUPR:0.3202	Fmax:0.4828	Epoch:25
AUC:0.57	AUPR:0.3238	Fmax:0.4561	Epoch:15
AUC:0.4767	AUPR:0.2143	Fmax:0.3759	Epoch:75
AUC:0.5635	AUPR:0.3227	Fmax:0.3778	Epoch:0
AVG# AUC:0.5675	AUPR:0.3089	Fmax:0.4397
Configurations:
	root: ../data/
	graph: 1
	bs: 128
	lr: 0.01
	prior: 0.01
	emb_dim: 16
	lmbda: 1.0
	base_model: RotatE
	num_ng: 4
	wd: 0
	do: 0.2
	loss_type: pn
	scoring_fct_norm: 1
	kernel_size: 3
	convkb_drop_prob: 0.5
	out_channels: 32
	margin: 6.0
	epsilon: 2.0
	num_workers: 0
	max_epochs: 5000
	seed: 42
	gpu: 0
	valid_interval: 5
	verbose: 0
	tolerance: 20
N Entities:1638
N Relations:12
AUC:0.5765	AUPR:0.3637	Fmax:0.4419	Epoch:15
AUC:0.5679	AUPR:0.3443	Fmax:0.4474	Epoch:75
AUC:0.5408	AUPR:0.3267	Fmax:0.464	Epoch:15
AUC:0.5195	AUPR:0.2725	Fmax:0.3902	Epoch:0
AUC:0.4772	AUPR:0.2752	Fmax:0.375	Epoch:110
AVG# AUC:0.5364	AUPR:0.3165	Fmax:0.4237
Configurations:
	root: ../data/
	graph: 1
	bs: 128
	lr: 0.01
	prior: 0.01
	emb_dim: 16
	lmbda: 2.0
	base_model: RotatE
	num_ng: 4
	wd: 0
	do: 0.2
	loss_type: pn
	scoring_fct_norm: 1
	kernel_size: 3
	convkb_drop_prob: 0.5
	out_channels: 32
	margin: 6.0
	epsilon: 2.0
	num_workers: 0
	max_epochs: 5000
	seed: 42
	gpu: 0
	valid_interval: 5
	verbose: 0
	tolerance: 20
N Entities:1638
N Relations:12
AUC:0.5422	AUPR:0.3742	Fmax:0.4222	Epoch:15
AUC:0.4496	AUPR:0.2629	Fmax:0.4444	Epoch:10
AUC:0.4933	AUPR:0.2811	Fmax:0.4394	Epoch:35
AUC:0.5421	AUPR:0.3021	Fmax:0.3826	Epoch:0
AUC:0.578	AUPR:0.265	Fmax:0.4112	Epoch:5
AVG# AUC:0.521	AUPR:0.2971	Fmax:0.42
Configurations:
	root: ../data/
	graph: 1
	bs: 128
	lr: 0.01
	prior: 0.01
	emb_dim: 32
	lmbda: 0.5
	base_model: RotatE
	num_ng: 4
	wd: 0
	do: 0.2
	loss_type: pn
	scoring_fct_norm: 1
	kernel_size: 3
	convkb_drop_prob: 0.5
	out_channels: 32
	margin: 6.0
	epsilon: 2.0
	num_workers: 0
	max_epochs: 5000
	seed: 42
	gpu: 0
	valid_interval: 5
	verbose: 0
	tolerance: 20
N Entities:1638
N Relations:12
AUC:0.6011	AUPR:0.3128	Fmax:0.4557	Epoch:5
AUC:0.6121	AUPR:0.3345	Fmax:0.5	Epoch:280
AUC:0.4692	AUPR:0.265	Fmax:0.4412	Epoch:225
AUC:0.5539	AUPR:0.2738	Fmax:0.3968	Epoch:20
AUC:0.4971	AUPR:0.2651	Fmax:0.3692	Epoch:65
AVG# AUC:0.5467	AUPR:0.2902	Fmax:0.4326
Configurations:
	root: ../data/
	graph: 1
	bs: 128
	lr: 0.01
	prior: 0.01
	emb_dim: 32
	lmbda: 1.0
	base_model: RotatE
	num_ng: 4
	wd: 0
	do: 0.2
	loss_type: pn
	scoring_fct_norm: 1
	kernel_size: 3
	convkb_drop_prob: 0.5
	out_channels: 32
	margin: 6.0
	epsilon: 2.0
	num_workers: 0
	max_epochs: 5000
	seed: 42
	gpu: 0
	valid_interval: 5
	verbose: 0
	tolerance: 20
N Entities:1638
N Relations:12
AUC:0.5087	AUPR:0.2902	Fmax:0.3971	Epoch:0
AUC:0.5658	AUPR:0.3144	Fmax:0.4681	Epoch:145
AUC:0.4867	AUPR:0.2655	Fmax:0.4444	Epoch:25
AUC:0.5591	AUPR:0.2663	Fmax:0.4071	Epoch:125
AUC:0.5286	AUPR:0.2491	Fmax:0.378	Epoch:0
AVG# AUC:0.5298	AUPR:0.2771	Fmax:0.4189
Configurations:
	root: ../data/
	graph: 1
	bs: 128
	lr: 0.01
	prior: 0.01
	emb_dim: 32
	lmbda: 2.0
	base_model: RotatE
	num_ng: 4
	wd: 0
	do: 0.2
	loss_type: pn
	scoring_fct_norm: 1
	kernel_size: 3
	convkb_drop_prob: 0.5
	out_channels: 32
	margin: 6.0
	epsilon: 2.0
	num_workers: 0
	max_epochs: 5000
	seed: 42
	gpu: 0
	valid_interval: 5
	verbose: 0
	tolerance: 20
N Entities:1638
N Relations:12
AUC:0.4654	AUPR:0.2573	Fmax:0.4	Epoch:10
AUC:0.62	AUPR:0.4179	Fmax:0.4706	Epoch:55
AUC:0.5388	AUPR:0.2831	Fmax:0.448	Epoch:10
AUC:0.5567	AUPR:0.2971	Fmax:0.4086	Epoch:25
AUC:0.5935	AUPR:0.2753	Fmax:0.4078	Epoch:5
AVG# AUC:0.5549	AUPR:0.3061	Fmax:0.427
Configurations:
	root: ../data/
	graph: 1
	bs: 128
	lr: 0.01
	prior: 0.01
	emb_dim: 64
	lmbda: 0.5
	base_model: RotatE
	num_ng: 4
	wd: 0
	do: 0.2
	loss_type: pn
	scoring_fct_norm: 1
	kernel_size: 3
	convkb_drop_prob: 0.5
	out_channels: 32
	margin: 6.0
	epsilon: 2.0
	num_workers: 0
	max_epochs: 5000
	seed: 42
	gpu: 0
	valid_interval: 5
	verbose: 0
	tolerance: 20
N Entities:1638
N Relations:12
AUC:0.5408	AUPR:0.2618	Fmax:0.4248	Epoch:5
AUC:0.555	AUPR:0.3896	Fmax:0.4486	Epoch:55
AUC:0.5904	AUPR:0.3733	Fmax:0.4724	Epoch:5
AUC:0.5991	AUPR:0.2903	Fmax:0.4516	Epoch:15
AUC:0.4976	AUPR:0.2214	Fmax:0.3784	Epoch:85
AVG# AUC:0.5566	AUPR:0.3073	Fmax:0.4352
Configurations:
	root: ../data/
	graph: 1
	bs: 128
	lr: 0.01
	prior: 0.01
	emb_dim: 64
	lmbda: 1.0
	base_model: RotatE
	num_ng: 4
	wd: 0
	do: 0.2
	loss_type: pn
	scoring_fct_norm: 1
	kernel_size: 3
	convkb_drop_prob: 0.5
	out_channels: 32
	margin: 6.0
	epsilon: 2.0
	num_workers: 0
	max_epochs: 5000
	seed: 42
	gpu: 0
	valid_interval: 5
	verbose: 0
	tolerance: 20
N Entities:1638
N Relations:12
AUC:0.5292	AUPR:0.3646	Fmax:0.3969	Epoch:170
AUC:0.5783	AUPR:0.2996	Fmax:0.4874	Epoch:305
AUC:0.5788	AUPR:0.3359	Fmax:0.4731	Epoch:5
AUC:0.6193	AUPR:0.3267	Fmax:0.419	Epoch:25
AUC:0.5688	AUPR:0.4025	Fmax:0.3846	Epoch:0
AVG# AUC:0.5749	AUPR:0.3459	Fmax:0.4322
Configurations:
	root: ../data/
	graph: 1
	bs: 128
	lr: 0.01
	prior: 0.01
	emb_dim: 64
	lmbda: 2.0
	base_model: RotatE
	num_ng: 4
	wd: 0
	do: 0.2
	loss_type: pn
	scoring_fct_norm: 1
	kernel_size: 3
	convkb_drop_prob: 0.5
	out_channels: 32
	margin: 6.0
	epsilon: 2.0
	num_workers: 0
	max_epochs: 5000
	seed: 42
	gpu: 0
	valid_interval: 5
	verbose: 0
	tolerance: 20
N Entities:1638
N Relations:12
AUC:0.5105	AUPR:0.2484	Fmax:0.4421	Epoch:70
AUC:0.5938	AUPR:0.3648	Fmax:0.4694	Epoch:85
AUC:0.4946	AUPR:0.2726	Fmax:0.4407	Epoch:65
AUC:0.5944	AUPR:0.3092	Fmax:0.4194	Epoch:30
AUC:0.577	AUPR:0.3256	Fmax:0.4054	Epoch:60
AVG# AUC:0.5541	AUPR:0.3041	Fmax:0.4354
Configurations:
	root: ../data/
	graph: 1
	bs: 128
	lr: 0.005
	prior: 0.01
	emb_dim: 16
	lmbda: 0.5
	base_model: RotatE
	num_ng: 4
	wd: 0
	do: 0.2
	loss_type: pn
	scoring_fct_norm: 1
	kernel_size: 3
	convkb_drop_prob: 0.5
	out_channels: 32
	margin: 6.0
	epsilon: 2.0
	num_workers: 0
	max_epochs: 5000
	seed: 42
	gpu: 0
	valid_interval: 5
	verbose: 0
	tolerance: 20
N Entities:1638
N Relations:12
AUC:0.5788	AUPR:0.3366	Fmax:0.4167	Epoch:40
AUC:0.5979	AUPR:0.3618	Fmax:0.46	Epoch:0
AUC:0.6042	AUPR:0.3807	Fmax:0.4842	Epoch:30
AUC:0.5082	AUPR:0.226	Fmax:0.3967	Epoch:495
AUC:0.5533	AUPR:0.2612	Fmax:0.4112	Epoch:10
AVG# AUC:0.5685	AUPR:0.3133	Fmax:0.4338
Configurations:
	root: ../data/
	graph: 1
	bs: 128
	lr: 0.005
	prior: 0.01
	emb_dim: 16
	lmbda: 1.0
	base_model: RotatE
	num_ng: 4
	wd: 0
	do: 0.2
	loss_type: pn
	scoring_fct_norm: 1
	kernel_size: 3
	convkb_drop_prob: 0.5
	out_channels: 32
	margin: 6.0
	epsilon: 2.0
	num_workers: 0
	max_epochs: 5000
	seed: 42
	gpu: 0
	valid_interval: 5
	verbose: 0
	tolerance: 20
N Entities:1638
N Relations:12
AUC:0.6109	AUPR:0.3811	Fmax:0.4828	Epoch:55
AUC:0.5217	AUPR:0.3645	Fmax:0.4628	Epoch:0
AUC:0.5575	AUPR:0.3107	Fmax:0.466	Epoch:30
AUC:0.5059	AUPR:0.2245	Fmax:0.4	Epoch:5
AUC:0.5242	AUPR:0.243	Fmax:0.3761	Epoch:375
AVG# AUC:0.544	AUPR:0.3048	Fmax:0.4375
Configurations:
	root: ../data/
	graph: 1
	bs: 128
	lr: 0.005
	prior: 0.01
	emb_dim: 16
	lmbda: 2.0
	base_model: RotatE
	num_ng: 4
	wd: 0
	do: 0.2
	loss_type: pn
	scoring_fct_norm: 1
	kernel_size: 3
	convkb_drop_prob: 0.5
	out_channels: 32
	margin: 6.0
	epsilon: 2.0
	num_workers: 0
	max_epochs: 5000
	seed: 42
	gpu: 0
	valid_interval: 5
	verbose: 0
	tolerance: 20
N Entities:1638
N Relations:12
AUC:0.4641	AUPR:0.2705	Fmax:0.3971	Epoch:80
AUC:0.5292	AUPR:0.2961	Fmax:0.4444	Epoch:55
AUC:0.4354	AUPR:0.241	Fmax:0.4462	Epoch:55
AUC:0.5374	AUPR:0.2687	Fmax:0.3878	Epoch:30
AUC:0.4632	AUPR:0.2003	Fmax:0.3609	Epoch:90
AVG# AUC:0.4859	AUPR:0.2553	Fmax:0.4073
Configurations:
	root: ../data/
	graph: 1
	bs: 128
	lr: 0.005
	prior: 0.01
	emb_dim: 32
	lmbda: 0.5
	base_model: RotatE
	num_ng: 4
	wd: 0
	do: 0.2
	loss_type: pn
	scoring_fct_norm: 1
	kernel_size: 3
	convkb_drop_prob: 0.5
	out_channels: 32
	margin: 6.0
	epsilon: 2.0
	num_workers: 0
	max_epochs: 5000
	seed: 42
	gpu: 0
	valid_interval: 5
	verbose: 0
	tolerance: 20
N Entities:1638
N Relations:12
AUC:0.5444	AUPR:0.2804	Fmax:0.416	Epoch:25
AUC:0.5917	AUPR:0.3596	Fmax:0.4762	Epoch:0
AUC:0.58	AUPR:0.3369	Fmax:0.4667	Epoch:0
AUC:0.5562	AUPR:0.2508	Fmax:0.4048	Epoch:485
AUC:0.5199	AUPR:0.286	Fmax:0.375	Epoch:0
AVG# AUC:0.5584	AUPR:0.3027	Fmax:0.4277
Configurations:
	root: ../data/
	graph: 1
	bs: 128
	lr: 0.005
	prior: 0.01
	emb_dim: 32
	lmbda: 1.0
	base_model: RotatE
	num_ng: 4
	wd: 0
	do: 0.2
	loss_type: pn
	scoring_fct_norm: 1
	kernel_size: 3
	convkb_drop_prob: 0.5
	out_channels: 32
	margin: 6.0
	epsilon: 2.0
	num_workers: 0
	max_epochs: 5000
	seed: 42
	gpu: 0
	valid_interval: 5
	verbose: 0
	tolerance: 20
N Entities:1638
N Relations:12
AUC:0.5359	AUPR:0.2881	Fmax:0.406	Epoch:25
AUC:0.6254	AUPR:0.4046	Fmax:0.481	Epoch:250
AUC:0.5388	AUPR:0.2961	Fmax:0.438	Epoch:15
AUC:0.5492	AUPR:0.2742	Fmax:0.4045	Epoch:70
AUC:0.501	AUPR:0.2173	Fmax:0.383	Epoch:50
AVG# AUC:0.5501	AUPR:0.2961	Fmax:0.4225
Configurations:
	root: ../data/
	graph: 1
	bs: 128
	lr: 0.005
	prior: 0.01
	emb_dim: 32
	lmbda: 2.0
	base_model: RotatE
	num_ng: 4
	wd: 0
	do: 0.2
	loss_type: pn
	scoring_fct_norm: 1
	kernel_size: 3
	convkb_drop_prob: 0.5
	out_channels: 32
	margin: 6.0
	epsilon: 2.0
	num_workers: 0
	max_epochs: 5000
	seed: 42
	gpu: 0
	valid_interval: 5
	verbose: 0
	tolerance: 20
N Entities:1638
N Relations:12
AUC:0.668	AUPR:0.3981	Fmax:0.5067	Epoch:0
AUC:0.5783	AUPR:0.3467	Fmax:0.48	Epoch:10
AUC:0.5458	AUPR:0.311	Fmax:0.4667	Epoch:20
AUC:0.6024	AUPR:0.302	Fmax:0.4202	Epoch:0
AUC:0.5199	AUPR:0.2461	Fmax:0.3871	Epoch:10
AVG# AUC:0.5829	AUPR:0.3208	Fmax:0.4521
Configurations:
	root: ../data/
	graph: 1
	bs: 128
	lr: 0.005
	prior: 0.01
	emb_dim: 64
	lmbda: 0.5
	base_model: RotatE
	num_ng: 4
	wd: 0
	do: 0.2
	loss_type: pn
	scoring_fct_norm: 1
	kernel_size: 3
	convkb_drop_prob: 0.5
	out_channels: 32
	margin: 6.0
	epsilon: 2.0
	num_workers: 0
	max_epochs: 5000
	seed: 42
	gpu: 0
	valid_interval: 5
	verbose: 0
	tolerance: 20
N Entities:1638
N Relations:12
AUC:0.5194	AUPR:0.2535	Fmax:0.4423	Epoch:0
AUC:0.6054	AUPR:0.323	Fmax:0.4957	Epoch:460
AUC:0.5654	AUPR:0.3081	Fmax:0.4632	Epoch:0
AUC:0.5864	AUPR:0.2779	Fmax:0.4186	Epoch:45
AUC:0.4593	AUPR:0.2121	Fmax:0.3929	Epoch:25
AVG# AUC:0.5472	AUPR:0.2749	Fmax:0.4425
Configurations:
	root: ../data/
	graph: 1
	bs: 128
	lr: 0.005
	prior: 0.01
	emb_dim: 64
	lmbda: 1.0
	base_model: RotatE
	num_ng: 4
	wd: 0
	do: 0.2
	loss_type: pn
	scoring_fct_norm: 1
	kernel_size: 3
	convkb_drop_prob: 0.5
	out_channels: 32
	margin: 6.0
	epsilon: 2.0
	num_workers: 0
	max_epochs: 5000
	seed: 42
	gpu: 0
	valid_interval: 5
	verbose: 0
	tolerance: 20
N Entities:1638
N Relations:12
AUC:0.5582	AUPR:0.3505	Fmax:0.4248	Epoch:20
AUC:0.5767	AUPR:0.3448	Fmax:0.4595	Epoch:135
AUC:0.5642	AUPR:0.331	Fmax:0.4793	Epoch:10
AUC:0.5205	AUPR:0.2252	Fmax:0.4211	Epoch:155
AUC:0.4641	AUPR:0.2478	Fmax:0.3636	Epoch:95
AVG# AUC:0.5367	AUPR:0.2999	Fmax:0.4297
Configurations:
	root: ../data/
	graph: 1
	bs: 128
	lr: 0.005
	prior: 0.01
	emb_dim: 64
	lmbda: 2.0
	base_model: RotatE
	num_ng: 4
	wd: 0
	do: 0.2
	loss_type: pn
	scoring_fct_norm: 1
	kernel_size: 3
	convkb_drop_prob: 0.5
	out_channels: 32
	margin: 6.0
	epsilon: 2.0
	num_workers: 0
	max_epochs: 5000
	seed: 42
	gpu: 0
	valid_interval: 5
	verbose: 0
	tolerance: 20
N Entities:1638
N Relations:12
AUC:0.6037	AUPR:0.3071	Fmax:0.432	Epoch:0
AUC:0.6188	AUPR:0.4654	Fmax:0.4658	Epoch:0
AUC:0.5688	AUPR:0.2986	Fmax:0.4835	Epoch:5
AUC:0.5468	AUPR:0.2445	Fmax:0.4	Epoch:30
AUC:0.4685	AUPR:0.2165	Fmax:0.3883	Epoch:125
AVG# AUC:0.5613	AUPR:0.3064	Fmax:0.4339
Configurations:
	root: ../data/
	graph: 1
	bs: 128
	lr: 0.001
	prior: 0.01
	emb_dim: 16
	lmbda: 0.5
	base_model: RotatE
	num_ng: 4
	wd: 0
	do: 0.2
	loss_type: pn
	scoring_fct_norm: 1
	kernel_size: 3
	convkb_drop_prob: 0.5
	out_channels: 32
	margin: 6.0
	epsilon: 2.0
	num_workers: 0
	max_epochs: 5000
	seed: 42
	gpu: 0
	valid_interval: 5
	verbose: 0
	tolerance: 20
N Entities:1638
N Relations:12
AUC:0.5078	AUPR:0.2528	Fmax:0.4122	Epoch:15
AUC:0.5346	AUPR:0.345	Fmax:0.459	Epoch:0
AUC:0.5571	AUPR:0.3078	Fmax:0.4848	Epoch:210
AUC:0.6014	AUPR:0.3174	Fmax:0.431	Epoch:10
AUC:0.5538	AUPR:0.2329	Fmax:0.4048	Epoch:30
AVG# AUC:0.5509	AUPR:0.2912	Fmax:0.4384
Configurations:
	root: ../data/
	graph: 1
	bs: 128
	lr: 0.001
	prior: 0.01
	emb_dim: 16
	lmbda: 1.0
	base_model: RotatE
	num_ng: 4
	wd: 0
	do: 0.2
	loss_type: pn
	scoring_fct_norm: 1
	kernel_size: 3
	convkb_drop_prob: 0.5
	out_channels: 32
	margin: 6.0
	epsilon: 2.0
	num_workers: 0
	max_epochs: 5000
	seed: 42
	gpu: 0
	valid_interval: 5
	verbose: 0
	tolerance: 20
N Entities:1638
N Relations:12
AUC:0.494	AUPR:0.239	Fmax:0.4154	Epoch:0
AUC:0.5717	AUPR:0.3455	Fmax:0.4553	Epoch:225
AUC:0.5337	AUPR:0.2948	Fmax:0.4511	Epoch:0
AUC:0.4664	AUPR:0.2158	Fmax:0.3731	Epoch:0
AUC:0.5392	AUPR:0.2425	Fmax:0.3913	Epoch:405
AVG# AUC:0.521	AUPR:0.2675	Fmax:0.4172
Configurations:
	root: ../data/
	graph: 1
	bs: 128
	lr: 0.001
	prior: 0.01
	emb_dim: 16
	lmbda: 2.0
	base_model: RotatE
	num_ng: 4
	wd: 0
	do: 0.2
	loss_type: pn
	scoring_fct_norm: 1
	kernel_size: 3
	convkb_drop_prob: 0.5
	out_channels: 32
	margin: 6.0
	epsilon: 2.0
	num_workers: 0
	max_epochs: 5000
	seed: 42
	gpu: 0
	valid_interval: 5
	verbose: 0
	tolerance: 20
N Entities:1638
N Relations:12
AUC:0.5538	AUPR:0.3365	Fmax:0.4062	Epoch:410
AUC:0.6325	AUPR:0.3941	Fmax:0.5195	Epoch:60
AUC:0.56	AUPR:0.3294	Fmax:0.4632	Epoch:20
AUC:0.5313	AUPR:0.2621	Fmax:0.3906	Epoch:20
AUC:0.3837	AUPR:0.1866	Fmax:0.3582	Epoch:10
AVG# AUC:0.5323	AUPR:0.3017	Fmax:0.4275
Configurations:
	root: ../data/
	graph: 1
	bs: 128
	lr: 0.001
	prior: 0.01
	emb_dim: 32
	lmbda: 0.5
	base_model: RotatE
	num_ng: 4
	wd: 0
	do: 0.2
	loss_type: pn
	scoring_fct_norm: 1
	kernel_size: 3
	convkb_drop_prob: 0.5
	out_channels: 32
	margin: 6.0
	epsilon: 2.0
	num_workers: 0
	max_epochs: 5000
	seed: 42
	gpu: 0
	valid_interval: 5
	verbose: 0
	tolerance: 20
N Entities:1638
N Relations:12
AUC:0.5341	AUPR:0.2526	Fmax:0.4219	Epoch:115
AUC:0.615	AUPR:0.3614	Fmax:0.5	Epoch:80
AUC:0.51	AUPR:0.2858	Fmax:0.4651	Epoch:115
AUC:0.5812	AUPR:0.2707	Fmax:0.4167	Epoch:0
AUC:0.5228	AUPR:0.2245	Fmax:0.3951	Epoch:10
AVG# AUC:0.5526	AUPR:0.279	Fmax:0.4398
Configurations:
	root: ../data/
	graph: 1
	bs: 128
	lr: 0.001
	prior: 0.01
	emb_dim: 32
	lmbda: 1.0
	base_model: RotatE
	num_ng: 4
	wd: 0
	do: 0.2
	loss_type: pn
	scoring_fct_norm: 1
	kernel_size: 3
	convkb_drop_prob: 0.5
	out_channels: 32
	margin: 6.0
	epsilon: 2.0
	num_workers: 0
	max_epochs: 5000
	seed: 42
	gpu: 0
	valid_interval: 5
	verbose: 0
	tolerance: 20
N Entities:1638
N Relations:12
AUC:0.5484	AUPR:0.2534	Fmax:0.4444	Epoch:10
AUC:0.5217	AUPR:0.3704	Fmax:0.4478	Epoch:65
AUC:0.5225	AUPR:0.2865	Fmax:0.4427	Epoch:65
AUC:0.5807	AUPR:0.3082	Fmax:0.4242	Epoch:0
AUC:0.4889	AUPR:0.2359	Fmax:0.3689	Epoch:0
AVG# AUC:0.5324	AUPR:0.2909	Fmax:0.4256
Configurations:
	root: ../data/
	graph: 1
	bs: 128
	lr: 0.001
	prior: 0.01
	emb_dim: 32
	lmbda: 2.0
	base_model: RotatE
	num_ng: 4
	wd: 0
	do: 0.2
	loss_type: pn
	scoring_fct_norm: 1
	kernel_size: 3
	convkb_drop_prob: 0.5
	out_channels: 32
	margin: 6.0
	epsilon: 2.0
	num_workers: 0
	max_epochs: 5000
	seed: 42
	gpu: 0
	valid_interval: 5
	verbose: 0
	tolerance: 20
N Entities:1638
N Relations:12
AUC:0.5453	AUPR:0.3049	Fmax:0.433	Epoch:0
AUC:0.5267	AUPR:0.3018	Fmax:0.4561	Epoch:0
AUC:0.4629	AUPR:0.2867	Fmax:0.438	Epoch:120
AUC:0.5047	AUPR:0.2927	Fmax:0.377	Epoch:15
AUC:0.6361	AUPR:0.381	Fmax:0.4507	Epoch:0
AVG# AUC:0.5351	AUPR:0.3134	Fmax:0.431
Configurations:
	root: ../data/
	graph: 1
	bs: 128
	lr: 0.001
	prior: 0.01
	emb_dim: 64
	lmbda: 0.5
	base_model: RotatE
	num_ng: 4
	wd: 0
	do: 0.2
	loss_type: pn
	scoring_fct_norm: 1
	kernel_size: 3
	convkb_drop_prob: 0.5
	out_channels: 32
	margin: 6.0
	epsilon: 2.0
	num_workers: 0
	max_epochs: 5000
	seed: 42
	gpu: 0
	valid_interval: 5
	verbose: 0
	tolerance: 20
N Entities:1638
N Relations:12
AUC:0.4922	AUPR:0.2784	Fmax:0.4	Epoch:25
AUC:0.5142	AUPR:0.2802	Fmax:0.4462	Epoch:165
AUC:0.5508	AUPR:0.2997	Fmax:0.4615	Epoch:30
AUC:0.4776	AUPR:0.2379	Fmax:0.3788	Epoch:10
AUC:0.5073	AUPR:0.2422	Fmax:0.3667	Epoch:0
AVG# AUC:0.5084	AUPR:0.2677	Fmax:0.4106
Configurations:
	root: ../data/
	graph: 1
	bs: 128
	lr: 0.001
	prior: 0.01
	emb_dim: 64
	lmbda: 1.0
	base_model: RotatE
	num_ng: 4
	wd: 0
	do: 0.2
	loss_type: pn
	scoring_fct_norm: 1
	kernel_size: 3
	convkb_drop_prob: 0.5
	out_channels: 32
	margin: 6.0
	epsilon: 2.0
	num_workers: 0
	max_epochs: 5000
	seed: 42
	gpu: 0
	valid_interval: 5
	verbose: 0
	tolerance: 20
N Entities:1638
N Relations:12
AUC:0.6037	AUPR:0.3225	Fmax:0.4681	Epoch:0
AUC:0.5863	AUPR:0.3114	Fmax:0.4954	Epoch:0
AUC:0.5967	AUPR:0.3754	Fmax:0.4715	Epoch:45
AUC:0.5031	AUPR:0.2881	Fmax:0.3871	Epoch:0
AUC:0.6226	AUPR:0.316	Fmax:0.45	Epoch:0
AVG# AUC:0.5825	AUPR:0.3227	Fmax:0.4544
Configurations:
	root: ../data/
	graph: 1
	bs: 128
	lr: 0.001
	prior: 0.01
	emb_dim: 64
	lmbda: 2.0
	base_model: RotatE
	num_ng: 4
	wd: 0
	do: 0.2
	loss_type: pn
	scoring_fct_norm: 1
	kernel_size: 3
	convkb_drop_prob: 0.5
	out_channels: 32
	margin: 6.0
	epsilon: 2.0
	num_workers: 0
	max_epochs: 5000
	seed: 42
	gpu: 0
	valid_interval: 5
	verbose: 0
	tolerance: 20
N Entities:1638
N Relations:12
AUC:0.5132	AUPR:0.2712	Fmax:0.4098	Epoch:70
AUC:0.5667	AUPR:0.3632	Fmax:0.439	Epoch:15
AUC:0.5383	AUPR:0.3523	Fmax:0.438	Epoch:30
AUC:0.5591	AUPR:0.3159	Fmax:0.4	Epoch:30
AUC:0.53	AUPR:0.2638	Fmax:0.4103	Epoch:15
AVG# AUC:0.5415	AUPR:0.3133	Fmax:0.4194
Configurations:
	root: ../data/
	graph: 1
	bs: 256
	lr: 0.01
	prior: 0.01
	emb_dim: 16
	lmbda: 0.5
	base_model: RotatE
	num_ng: 4
	wd: 0
	do: 0.2
	loss_type: pn
	scoring_fct_norm: 1
	kernel_size: 3
	convkb_drop_prob: 0.5
	out_channels: 32
	margin: 6.0
	epsilon: 2.0
	num_workers: 0
	max_epochs: 5000
	seed: 42
	gpu: 0
	valid_interval: 5
	verbose: 0
	tolerance: 20
N Entities:1638
N Relations:12
AUC:0.5274	AUPR:0.3258	Fmax:0.4127	Epoch:45
AUC:0.5158	AUPR:0.2747	Fmax:0.4706	Epoch:90
AUC:0.6342	AUPR:0.3591	Fmax:0.5	Epoch:30
AUC:0.4889	AUPR:0.2174	Fmax:0.3918	Epoch:135
AUC:0.4172	AUPR:0.19	Fmax:0.3636	Epoch:0
AVG# AUC:0.5167	AUPR:0.2734	Fmax:0.4277
Configurations:
	root: ../data/
	graph: 1
	bs: 256
	lr: 0.01
	prior: 0.01
	emb_dim: 16
	lmbda: 1.0
	base_model: RotatE
	num_ng: 4
	wd: 0
	do: 0.2
	loss_type: pn
	scoring_fct_norm: 1
	kernel_size: 3
	convkb_drop_prob: 0.5
	out_channels: 32
	margin: 6.0
	epsilon: 2.0
	num_workers: 0
	max_epochs: 5000
	seed: 42
	gpu: 0
	valid_interval: 5
	verbose: 0
	tolerance: 20
N Entities:1638
N Relations:12
AUC:0.585	AUPR:0.3192	Fmax:0.4444	Epoch:30
AUC:0.525	AUPR:0.3054	Fmax:0.4696	Epoch:20
AUC:0.5317	AUPR:0.3826	Fmax:0.4412	Epoch:15
AUC:0.5934	AUPR:0.2782	Fmax:0.4235	Epoch:290
AUC:0.5102	AUPR:0.2761	Fmax:0.3692	Epoch:105
AVG# AUC:0.5491	AUPR:0.3123	Fmax:0.4296
Configurations:
	root: ../data/
	graph: 1
	bs: 256
	lr: 0.01
	prior: 0.01
	emb_dim: 16
	lmbda: 2.0
	base_model: RotatE
	num_ng: 4
	wd: 0
	do: 0.2
	loss_type: pn
	scoring_fct_norm: 1
	kernel_size: 3
	convkb_drop_prob: 0.5
	out_channels: 32
	margin: 6.0
	epsilon: 2.0
	num_workers: 0
	max_epochs: 5000
	seed: 42
	gpu: 0
	valid_interval: 5
	verbose: 0
	tolerance: 20
N Entities:1638
N Relations:12
AUC:0.5167	AUPR:0.2772	Fmax:0.4186	Epoch:45
AUC:0.5062	AUPR:0.3025	Fmax:0.4348	Epoch:110
AUC:0.5696	AUPR:0.3368	Fmax:0.4554	Epoch:30
AUC:0.6188	AUPR:0.3676	Fmax:0.427	Epoch:85
AUC:0.4734	AUPR:0.2252	Fmax:0.3636	Epoch:0
AVG# AUC:0.5369	AUPR:0.3019	Fmax:0.4199
Configurations:
	root: ../data/
	graph: 1
	bs: 256
	lr: 0.01
	prior: 0.01
	emb_dim: 32
	lmbda: 0.5
	base_model: RotatE
	num_ng: 4
	wd: 0
	do: 0.2
	loss_type: pn
	scoring_fct_norm: 1
	kernel_size: 3
	convkb_drop_prob: 0.5
	out_channels: 32
	margin: 6.0
	epsilon: 2.0
	num_workers: 0
	max_epochs: 5000
	seed: 42
	gpu: 0
	valid_interval: 5
	verbose: 0
	tolerance: 20
N Entities:1638
N Relations:12
AUC:0.527	AUPR:0.2984	Fmax:0.4444	Epoch:25
AUC:0.5742	AUPR:0.3332	Fmax:0.4872	Epoch:195
AUC:0.4833	AUPR:0.3025	Fmax:0.4412	Epoch:20
AUC:0.5304	AUPR:0.2464	Fmax:0.4	Epoch:345
AUC:0.5048	AUPR:0.2283	Fmax:0.3774	Epoch:0
AVG# AUC:0.5239	AUPR:0.2818	Fmax:0.43
Configurations:
	root: ../data/
	graph: 1
	bs: 256
	lr: 0.01
	prior: 0.01
	emb_dim: 32
	lmbda: 1.0
	base_model: RotatE
	num_ng: 4
	wd: 0
	do: 0.2
	loss_type: pn
	scoring_fct_norm: 1
	kernel_size: 3
	convkb_drop_prob: 0.5
	out_channels: 32
	margin: 6.0
	epsilon: 2.0
	num_workers: 0
	max_epochs: 5000
	seed: 42
	gpu: 0
	valid_interval: 5
	verbose: 0
	tolerance: 20
N Entities:1638
N Relations:12
AUC:0.498	AUPR:0.2593	Fmax:0.3971	Epoch:5
AUC:0.5425	AUPR:0.2851	Fmax:0.4715	Epoch:55
AUC:0.5333	AUPR:0.2965	Fmax:0.459	Epoch:15
AUC:0.5172	AUPR:0.2439	Fmax:0.3906	Epoch:60
AUC:0.5233	AUPR:0.2663	Fmax:0.3793	Epoch:0
AVG# AUC:0.5229	AUPR:0.2702	Fmax:0.4195
Configurations:
	root: ../data/
	graph: 1
	bs: 256
	lr: 0.01
	prior: 0.01
	emb_dim: 32
	lmbda: 2.0
	base_model: RotatE
	num_ng: 4
	wd: 0
	do: 0.2
	loss_type: pn
	scoring_fct_norm: 1
	kernel_size: 3
	convkb_drop_prob: 0.5
	out_channels: 32
	margin: 6.0
	epsilon: 2.0
	num_workers: 0
	max_epochs: 5000
	seed: 42
	gpu: 0
	valid_interval: 5
	verbose: 0
	tolerance: 20
N Entities:1638
N Relations:12
AUC:0.5386	AUPR:0.3205	Fmax:0.4186	Epoch:10
AUC:0.6092	AUPR:0.414	Fmax:0.464	Epoch:20
AUC:0.5679	AUPR:0.3501	Fmax:0.4603	Epoch:25
AUC:0.5068	AUPR:0.2303	Fmax:0.3922	Epoch:200
AUC:0.5359	AUPR:0.2526	Fmax:0.375	Epoch:0
AVG# AUC:0.5517	AUPR:0.3135	Fmax:0.422
Configurations:
	root: ../data/
	graph: 1
	bs: 256
	lr: 0.01
	prior: 0.01
	emb_dim: 64
	lmbda: 0.5
	base_model: RotatE
	num_ng: 4
	wd: 0
	do: 0.2
	loss_type: pn
	scoring_fct_norm: 1
	kernel_size: 3
	convkb_drop_prob: 0.5
	out_channels: 32
	margin: 6.0
	epsilon: 2.0
	num_workers: 0
	max_epochs: 5000
	seed: 42
	gpu: 0
	valid_interval: 5
	verbose: 0
	tolerance: 20
N Entities:1638
N Relations:12
AUC:0.5288	AUPR:0.3158	Fmax:0.4091	Epoch:5
AUC:0.5562	AUPR:0.3363	Fmax:0.4561	Epoch:55
AUC:0.52	AUPR:0.3072	Fmax:0.4427	Epoch:25
AUC:0.5332	AUPR:0.3527	Fmax:0.3846	Epoch:0
AUC:0.4617	AUPR:0.2008	Fmax:0.3692	Epoch:20
AVG# AUC:0.52	AUPR:0.3026	Fmax:0.4123
Configurations:
	root: ../data/
	graph: 1
	bs: 256
	lr: 0.01
	prior: 0.01
	emb_dim: 64
	lmbda: 1.0
	base_model: RotatE
	num_ng: 4
	wd: 0
	do: 0.2
	loss_type: pn
	scoring_fct_norm: 1
	kernel_size: 3
	convkb_drop_prob: 0.5
	out_channels: 32
	margin: 6.0
	epsilon: 2.0
	num_workers: 0
	max_epochs: 5000
	seed: 42
	gpu: 0
	valid_interval: 5
	verbose: 0
	tolerance: 20
N Entities:1638
N Relations:12
AUC:0.5252	AUPR:0.3064	Fmax:0.4031	Epoch:10
AUC:0.5633	AUPR:0.3183	Fmax:0.458	Epoch:50
AUC:0.4962	AUPR:0.2771	Fmax:0.4567	Epoch:10
AUC:0.592	AUPR:0.291	Fmax:0.4286	Epoch:285
AUC:0.6095	AUPR:0.3863	Fmax:0.4651	Epoch:0
AVG# AUC:0.5572	AUPR:0.3158	Fmax:0.4423
Configurations:
	root: ../data/
	graph: 1
	bs: 256
	lr: 0.01
	prior: 0.01
	emb_dim: 64
	lmbda: 2.0
	base_model: RotatE
	num_ng: 4
	wd: 0
	do: 0.2
	loss_type: pn
	scoring_fct_norm: 1
	kernel_size: 3
	convkb_drop_prob: 0.5
	out_channels: 32
	margin: 6.0
	epsilon: 2.0
	num_workers: 0
	max_epochs: 5000
	seed: 42
	gpu: 0
	valid_interval: 5
	verbose: 0
	tolerance: 20
N Entities:1638
N Relations:12
AUC:0.5475	AUPR:0.3519	Fmax:0.4103	Epoch:10
AUC:0.6462	AUPR:0.4913	Fmax:0.4912	Epoch:0
AUC:0.4779	AUPR:0.2667	Fmax:0.4444	Epoch:5
AUC:0.6141	AUPR:0.2858	Fmax:0.4737	Epoch:70
AUC:0.4922	AUPR:0.2138	Fmax:0.4	Epoch:30
AVG# AUC:0.5556	AUPR:0.3219	Fmax:0.4439
Configurations:
	root: ../data/
	graph: 1
	bs: 256
	lr: 0.005
	prior: 0.01
	emb_dim: 16
	lmbda: 0.5
	base_model: RotatE
	num_ng: 4
	wd: 0
	do: 0.2
	loss_type: pn
	scoring_fct_norm: 1
	kernel_size: 3
	convkb_drop_prob: 0.5
	out_channels: 32
	margin: 6.0
	epsilon: 2.0
	num_workers: 0
	max_epochs: 5000
	seed: 42
	gpu: 0
	valid_interval: 5
	verbose: 0
	tolerance: 20
N Entities:1638
N Relations:12
AUC:0.639	AUPR:0.3604	Fmax:0.4854	Epoch:75
AUC:0.5504	AUPR:0.3289	Fmax:0.4685	Epoch:100
AUC:0.5921	AUPR:0.3294	Fmax:0.4835	Epoch:35
AUC:0.4118	AUPR:0.2015	Fmax:0.375	Epoch:0
AUC:0.4535	AUPR:0.1972	Fmax:0.3761	Epoch:100
AVG# AUC:0.5294	AUPR:0.2835	Fmax:0.4377
Configurations:
	root: ../data/
	graph: 1
	bs: 256
	lr: 0.005
	prior: 0.01
	emb_dim: 16
	lmbda: 1.0
	base_model: RotatE
	num_ng: 4
	wd: 0
	do: 0.2
	loss_type: pn
	scoring_fct_norm: 1
	kernel_size: 3
	convkb_drop_prob: 0.5
	out_channels: 32
	margin: 6.0
	epsilon: 2.0
	num_workers: 0
	max_epochs: 5000
	seed: 42
	gpu: 0
	valid_interval: 5
	verbose: 0
	tolerance: 20
N Entities:1638
N Relations:12
AUC:0.689	AUPR:0.3878	Fmax:0.5366	Epoch:75
AUC:0.5642	AUPR:0.2967	Fmax:0.4952	Epoch:120
AUC:0.65	AUPR:0.4306	Fmax:0.4954	Epoch:30
AUC:0.5073	AUPR:0.2414	Fmax:0.3774	Epoch:240
AUC:0.5315	AUPR:0.2408	Fmax:0.3932	Epoch:0
AVG# AUC:0.5884	AUPR:0.3195	Fmax:0.4596
Configurations:
	root: ../data/
	graph: 1
	bs: 256
	lr: 0.005
	prior: 0.01
	emb_dim: 16
	lmbda: 2.0
	base_model: RotatE
	num_ng: 4
	wd: 0
	do: 0.2
	loss_type: pn
	scoring_fct_norm: 1
	kernel_size: 3
	convkb_drop_prob: 0.5
	out_channels: 32
	margin: 6.0
	epsilon: 2.0
	num_workers: 0
	max_epochs: 5000
	seed: 42
	gpu: 0
	valid_interval: 5
	verbose: 0
	tolerance: 20
N Entities:1638
N Relations:12
AUC:0.5975	AUPR:0.2926	Fmax:0.4808	Epoch:75
AUC:0.5825	AUPR:0.3522	Fmax:0.4793	Epoch:95
AUC:0.5508	AUPR:0.3881	Fmax:0.4375	Epoch:60
AUC:0.4546	AUPR:0.2013	Fmax:0.3889	Epoch:15
AUC:0.5417	AUPR:0.2742	Fmax:0.3784	Epoch:60
AVG# AUC:0.5454	AUPR:0.3017	Fmax:0.433
Configurations:
	root: ../data/
	graph: 1
	bs: 256
	lr: 0.005
	prior: 0.01
	emb_dim: 32
	lmbda: 0.5
	base_model: RotatE
	num_ng: 4
	wd: 0
	do: 0.2
	loss_type: pn
	scoring_fct_norm: 1
	kernel_size: 3
	convkb_drop_prob: 0.5
	out_channels: 32
	margin: 6.0
	epsilon: 2.0
	num_workers: 0
	max_epochs: 5000
	seed: 42
	gpu: 0
	valid_interval: 5
	verbose: 0
	tolerance: 20
N Entities:1638
N Relations:12
AUC:0.5216	AUPR:0.2668	Fmax:0.4144	Epoch:45
AUC:0.5983	AUPR:0.357	Fmax:0.4696	Epoch:20
AUC:0.5512	AUPR:0.3076	Fmax:0.4567	Epoch:35
AUC:0.5511	AUPR:0.2789	Fmax:0.4186	Epoch:145
AUC:0.3755	AUPR:0.1829	Fmax:0.371	Epoch:0
AVG# AUC:0.5195	AUPR:0.2786	Fmax:0.4261
Configurations:
	root: ../data/
	graph: 1
	bs: 256
	lr: 0.005
	prior: 0.01
	emb_dim: 32
	lmbda: 1.0
	base_model: RotatE
	num_ng: 4
	wd: 0
	do: 0.2
	loss_type: pn
	scoring_fct_norm: 1
	kernel_size: 3
	convkb_drop_prob: 0.5
	out_channels: 32
	margin: 6.0
	epsilon: 2.0
	num_workers: 0
	max_epochs: 5000
	seed: 42
	gpu: 0
	valid_interval: 5
	verbose: 0
	tolerance: 20
N Entities:1638
N Relations:12
AUC:0.5297	AUPR:0.2684	Fmax:0.4118	Epoch:25
AUC:0.475	AUPR:0.3013	Fmax:0.4375	Epoch:35
AUC:0.5662	AUPR:0.3269	Fmax:0.4583	Epoch:35
AUC:0.5482	AUPR:0.2612	Fmax:0.4	Epoch:0
AUC:0.4893	AUPR:0.2811	Fmax:0.3609	Epoch:10
AVG# AUC:0.5217	AUPR:0.2878	Fmax:0.4137
Configurations:
	root: ../data/
	graph: 1
	bs: 256
	lr: 0.005
	prior: 0.01
	emb_dim: 32
	lmbda: 2.0
	base_model: RotatE
	num_ng: 4
	wd: 0
	do: 0.2
	loss_type: pn
	scoring_fct_norm: 1
	kernel_size: 3
	convkb_drop_prob: 0.5
	out_channels: 32
	margin: 6.0
	epsilon: 2.0
	num_workers: 0
	max_epochs: 5000
	seed: 42
	gpu: 0
	valid_interval: 5
	verbose: 0
	tolerance: 20
N Entities:1638
N Relations:12
AUC:0.577	AUPR:0.3218	Fmax:0.4355	Epoch:0
AUC:0.4754	AUPR:0.2643	Fmax:0.4317	Epoch:30
AUC:0.5712	AUPR:0.3411	Fmax:0.4742	Epoch:35
AUC:0.5431	AUPR:0.2564	Fmax:0.3871	Epoch:165
AUC:0.5848	AUPR:0.2592	Fmax:0.4267	Epoch:80
AVG# AUC:0.5503	AUPR:0.2886	Fmax:0.431
Configurations:
	root: ../data/
	graph: 1
	bs: 256
	lr: 0.005
	prior: 0.01
	emb_dim: 64
	lmbda: 0.5
	base_model: RotatE
	num_ng: 4
	wd: 0
	do: 0.2
	loss_type: pn
	scoring_fct_norm: 1
	kernel_size: 3
	convkb_drop_prob: 0.5
	out_channels: 32
	margin: 6.0
	epsilon: 2.0
	num_workers: 0
	max_epochs: 5000
	seed: 42
	gpu: 0
	valid_interval: 5
	verbose: 0
	tolerance: 20
N Entities:1638
N Relations:12
AUC:0.5841	AUPR:0.3207	Fmax:0.4286	Epoch:25
AUC:0.5588	AUPR:0.3395	Fmax:0.4444	Epoch:25
AUC:0.4917	AUPR:0.2742	Fmax:0.4545	Epoch:15
AUC:0.5332	AUPR:0.2658	Fmax:0.3883	Epoch:0
AUC:0.4365	AUPR:0.2043	Fmax:0.3853	Epoch:15
AVG# AUC:0.5209	AUPR:0.2809	Fmax:0.4202
Configurations:
	root: ../data/
	graph: 1
	bs: 256
	lr: 0.005
	prior: 0.01
	emb_dim: 64
	lmbda: 1.0
	base_model: RotatE
	num_ng: 4
	wd: 0
	do: 0.2
	loss_type: pn
	scoring_fct_norm: 1
	kernel_size: 3
	convkb_drop_prob: 0.5
	out_channels: 32
	margin: 6.0
	epsilon: 2.0
	num_workers: 0
	max_epochs: 5000
	seed: 42
	gpu: 0
	valid_interval: 5
	verbose: 0
	tolerance: 20
N Entities:1638
N Relations:12
AUC:0.5158	AUPR:0.3275	Fmax:0.4091	Epoch:25
AUC:0.575	AUPR:0.3283	Fmax:0.4598	Epoch:190
AUC:0.5746	AUPR:0.3682	Fmax:0.4724	Epoch:15
AUC:0.5289	AUPR:0.2337	Fmax:0.4	Epoch:40
AUC:0.6017	AUPR:0.3843	Fmax:0.4348	Epoch:0
AVG# AUC:0.5592	AUPR:0.3284	Fmax:0.4352
Configurations:
	root: ../data/
	graph: 1
	bs: 256
	lr: 0.005
	prior: 0.01
	emb_dim: 64
	lmbda: 2.0
	base_model: RotatE
	num_ng: 4
	wd: 0
	do: 0.2
	loss_type: pn
	scoring_fct_norm: 1
	kernel_size: 3
	convkb_drop_prob: 0.5
	out_channels: 32
	margin: 6.0
	epsilon: 2.0
	num_workers: 0
	max_epochs: 5000
	seed: 42
	gpu: 0
	valid_interval: 5
	verbose: 0
	tolerance: 20
N Entities:1638
N Relations:12
AUC:0.5261	AUPR:0.253	Fmax:0.4167	Epoch:20
AUC:0.505	AUPR:0.2681	Fmax:0.4396	Epoch:175
AUC:0.5771	AUPR:0.35	Fmax:0.4571	Epoch:15
AUC:0.5049	AUPR:0.2249	Fmax:0.4043	Epoch:190
AUC:0.5615	AUPR:0.2369	Fmax:0.45	Epoch:30
AVG# AUC:0.5349	AUPR:0.2666	Fmax:0.4335
Configurations:
	root: ../data/
	graph: 1
	bs: 256
	lr: 0.001
	prior: 0.01
	emb_dim: 16
	lmbda: 0.5
	base_model: RotatE
	num_ng: 4
	wd: 0
	do: 0.2
	loss_type: pn
	scoring_fct_norm: 1
	kernel_size: 3
	convkb_drop_prob: 0.5
	out_channels: 32
	margin: 6.0
	epsilon: 2.0
	num_workers: 0
	max_epochs: 5000
	seed: 42
	gpu: 0
	valid_interval: 5
	verbose: 0
	tolerance: 20
N Entities:1638
N Relations:12
AUC:0.5783	AUPR:0.3435	Fmax:0.4483	Epoch:180
AUC:0.4712	AUPR:0.2516	Fmax:0.437	Epoch:0
AUC:0.4912	AUPR:0.3004	Fmax:0.438	Epoch:0
AUC:0.4729	AUPR:0.2248	Fmax:0.3759	Epoch:190
AUC:0.5203	AUPR:0.2256	Fmax:0.4038	Epoch:230
AVG# AUC:0.5068	AUPR:0.2692	Fmax:0.4206
Configurations:
	root: ../data/
	graph: 1
	bs: 256
	lr: 0.001
	prior: 0.01
	emb_dim: 16
	lmbda: 1.0
	base_model: RotatE
	num_ng: 4
	wd: 0
	do: 0.2
	loss_type: pn
	scoring_fct_norm: 1
	kernel_size: 3
	convkb_drop_prob: 0.5
	out_channels: 32
	margin: 6.0
	epsilon: 2.0
	num_workers: 0
	max_epochs: 5000
	seed: 42
	gpu: 0
	valid_interval: 5
	verbose: 0
	tolerance: 20
N Entities:1638
N Relations:12
AUC:0.552	AUPR:0.2745	Fmax:0.4225	Epoch:20
AUC:0.5371	AUPR:0.3077	Fmax:0.4615	Epoch:10
AUC:0.5967	AUPR:0.3253	Fmax:0.4724	Epoch:370
AUC:0.4998	AUPR:0.2303	Fmax:0.3866	Epoch:0
AUC:0.4084	AUPR:0.1881	Fmax:0.3721	Epoch:0
AVG# AUC:0.5188	AUPR:0.2652	Fmax:0.423
Configurations:
	root: ../data/
	graph: 1
	bs: 256
	lr: 0.001
	prior: 0.01
	emb_dim: 16
	lmbda: 2.0
	base_model: RotatE
	num_ng: 4
	wd: 0
	do: 0.2
	loss_type: pn
	scoring_fct_norm: 1
	kernel_size: 3
	convkb_drop_prob: 0.5
	out_channels: 32
	margin: 6.0
	epsilon: 2.0
	num_workers: 0
	max_epochs: 5000
	seed: 42
	gpu: 0
	valid_interval: 5
	verbose: 0
	tolerance: 20
N Entities:1638
N Relations:12
AUC:0.5725	AUPR:0.3341	Fmax:0.4211	Epoch:0
AUC:0.5225	AUPR:0.295	Fmax:0.464	Epoch:25
AUC:0.4925	AUPR:0.2672	Fmax:0.4538	Epoch:0
AUC:0.6052	AUPR:0.3115	Fmax:0.427	Epoch:15
AUC:0.4264	AUPR:0.1938	Fmax:0.3622	Epoch:80
AVG# AUC:0.5238	AUPR:0.2803	Fmax:0.4256
Configurations:
	root: ../data/
	graph: 1
	bs: 256
	lr: 0.001
	prior: 0.01
	emb_dim: 32
	lmbda: 0.5
	base_model: RotatE
	num_ng: 4
	wd: 0
	do: 0.2
	loss_type: pn
	scoring_fct_norm: 1
	kernel_size: 3
	convkb_drop_prob: 0.5
	out_channels: 32
	margin: 6.0
	epsilon: 2.0
	num_workers: 0
	max_epochs: 5000
	seed: 42
	gpu: 0
	valid_interval: 5
	verbose: 0
	tolerance: 20
N Entities:1638
N Relations:12
AUC:0.5832	AUPR:0.4038	Fmax:0.4242	Epoch:180
AUC:0.5196	AUPR:0.3121	Fmax:0.437	Epoch:20
AUC:0.4708	AUPR:0.2675	Fmax:0.4296	Epoch:0
AUC:0.4725	AUPR:0.2205	Fmax:0.4098	Epoch:115
AUC:0.4147	AUPR:0.2054	Fmax:0.3636	Epoch:0
AVG# AUC:0.4922	AUPR:0.2819	Fmax:0.4128
Configurations:
	root: ../data/
	graph: 1
	bs: 256
	lr: 0.001
	prior: 0.01
	emb_dim: 32
	lmbda: 1.0
	base_model: RotatE
	num_ng: 4
	wd: 0
	do: 0.2
	loss_type: pn
	scoring_fct_norm: 1
	kernel_size: 3
	convkb_drop_prob: 0.5
	out_channels: 32
	margin: 6.0
	epsilon: 2.0
	num_workers: 0
	max_epochs: 5000
	seed: 42
	gpu: 0
	valid_interval: 5
	verbose: 0
	tolerance: 20
N Entities:1638
N Relations:12
AUC:0.5872	AUPR:0.2961	Fmax:0.4222	Epoch:185
AUC:0.67	AUPR:0.451	Fmax:0.5316	Epoch:65
AUC:0.5367	AUPR:0.3436	Fmax:0.4412	Epoch:95
AUC:0.5082	AUPR:0.2297	Fmax:0.3906	Epoch:170
AUC:0.4438	AUPR:0.2395	Fmax:0.3871	Epoch:0
AVG# AUC:0.5492	AUPR:0.312	Fmax:0.4345
Configurations:
	root: ../data/
	graph: 1
	bs: 256
	lr: 0.001
	prior: 0.01
	emb_dim: 32
	lmbda: 2.0
	base_model: RotatE
	num_ng: 4
	wd: 0
	do: 0.2
	loss_type: pn
	scoring_fct_norm: 1
	kernel_size: 3
	convkb_drop_prob: 0.5
	out_channels: 32
	margin: 6.0
	epsilon: 2.0
	num_workers: 0
	max_epochs: 5000
	seed: 42
	gpu: 0
	valid_interval: 5
	verbose: 0
	tolerance: 20
N Entities:1638
N Relations:12
AUC:0.4369	AUPR:0.2229	Fmax:0.403	Epoch:5
AUC:0.5217	AUPR:0.3027	Fmax:0.4496	Epoch:210
AUC:0.5571	AUPR:0.3155	Fmax:0.4444	Epoch:100
AUC:0.4729	AUPR:0.2196	Fmax:0.3731	Epoch:50
AUC:0.577	AUPR:0.2738	Fmax:0.4043	Epoch:45
AVG# AUC:0.5131	AUPR:0.2669	Fmax:0.4149
Configurations:
	root: ../data/
	graph: 1
	bs: 256
	lr: 0.001
	prior: 0.01
	emb_dim: 64
	lmbda: 0.5
	base_model: RotatE
	num_ng: 4
	wd: 0
	do: 0.2
	loss_type: pn
	scoring_fct_norm: 1
	kernel_size: 3
	convkb_drop_prob: 0.5
	out_channels: 32
	margin: 6.0
	epsilon: 2.0
	num_workers: 0
	max_epochs: 5000
	seed: 42
	gpu: 0
	valid_interval: 5
	verbose: 0
	tolerance: 20
N Entities:1638
N Relations:12
AUC:0.5614	AUPR:0.2679	Fmax:0.4386	Epoch:100
AUC:0.5071	AUPR:0.3352	Fmax:0.4478	Epoch:90
AUC:0.5333	AUPR:0.3128	Fmax:0.4715	Epoch:55
AUC:0.4946	AUPR:0.2197	Fmax:0.4211	Epoch:0
AUC:0.5339	AUPR:0.2269	Fmax:0.381	Epoch:5
AVG# AUC:0.5261	AUPR:0.2725	Fmax:0.432
Configurations:
	root: ../data/
	graph: 1
	bs: 256
	lr: 0.001
	prior: 0.01
	emb_dim: 64
	lmbda: 1.0
	base_model: RotatE
	num_ng: 4
	wd: 0
	do: 0.2
	loss_type: pn
	scoring_fct_norm: 1
	kernel_size: 3
	convkb_drop_prob: 0.5
	out_channels: 32
	margin: 6.0
	epsilon: 2.0
	num_workers: 0
	max_epochs: 5000
	seed: 42
	gpu: 0
	valid_interval: 5
	verbose: 0
	tolerance: 20
N Entities:1638
N Relations:12
AUC:0.4779	AUPR:0.2613	Fmax:0.4122	Epoch:75
AUC:0.5571	AUPR:0.3674	Fmax:0.4407	Epoch:0
AUC:0.6083	AUPR:0.3895	Fmax:0.4681	Epoch:0
AUC:0.4781	AUPR:0.2395	Fmax:0.3704	Epoch:30
AUC:0.4889	AUPR:0.2298	Fmax:0.3883	Epoch:0
AVG# AUC:0.5221	AUPR:0.2975	Fmax:0.4159
Configurations:
	root: ../data/
	graph: 1
	bs: 256
	lr: 0.001
	prior: 0.01
	emb_dim: 64
	lmbda: 2.0
	base_model: RotatE
	num_ng: 4
	wd: 0
	do: 0.2
	loss_type: pn
	scoring_fct_norm: 1
	kernel_size: 3
	convkb_drop_prob: 0.5
	out_channels: 32
	margin: 6.0
	epsilon: 2.0
	num_workers: 0
	max_epochs: 5000
	seed: 42
	gpu: 0
	valid_interval: 5
	verbose: 0
	tolerance: 20
N Entities:1638
N Relations:12
AUC:0.6104	AUPR:0.3192	Fmax:0.4828	Epoch:50
AUC:0.4829	AUPR:0.2685	Fmax:0.4412	Epoch:90
AUC:0.5504	AUPR:0.3246	Fmax:0.4598	Epoch:50
AUC:0.6108	AUPR:0.4158	Fmax:0.4231	Epoch:35
AUC:0.5547	AUPR:0.2771	Fmax:0.3918	Epoch:15
AVG# AUC:0.5618	AUPR:0.321	Fmax:0.4397
